<?xml version="1.0" encoding="UTF-8"?>
<testng-results skipped="0" failed="4" ignored="0" total="7" passed="3">
  <reporter-output>
  </reporter-output>
  <suite name="Default suite" duration-ms="310403" started-at="2019-07-18T16:45:14Z" finished-at="2019-07-18T16:50:24Z">
    <groups>
    </groups>
    <test name="Default test" duration-ms="310403" started-at="2019-07-18T16:45:14Z" finished-at="2019-07-18T16:50:24Z">
      <class name="com.mobile.ragression.ModProRegressionTests31to36">
        <test-method status="PASS" signature="init()[pri:0, instance:com.mobile.ragression.ModProRegressionTests31to36@7bedc48a]" name="init" is-config="true" duration-ms="8" started-at="2019-07-18T16:45:14Z" finished-at="2019-07-18T16:45:14Z">
          <reporter-output>
          </reporter-output>
        </test-method> <!-- init -->
        <test-method status="PASS" signature="OpenApp(java.util.Hashtable)[pri:1, instance:com.mobile.ragression.ModProRegressionTests31to36@7bedc48a]" name="OpenApp" duration-ms="152194" started-at="2019-07-18T16:45:14Z" data-provider="getData" finished-at="2019-07-18T16:47:46Z">
          <params>
            <param index="0">
              <value>
                <![CDATA[{Name=XYZ, IncAmt=300, Runmode=Y}]]>
              </value>
            </param>
          </params>
          <reporter-output>
          </reporter-output>
        </test-method> <!-- OpenApp -->
        <test-method status="FAIL" signature="ModProRegScenario31()[pri:2, instance:com.mobile.ragression.ModProRegressionTests31to36@7bedc48a]" name="ModProRegScenario31" duration-ms="22676" started-at="2019-07-18T16:47:46Z" finished-at="2019-07-18T16:48:09Z">
          <exception class="java.lang.AssertionError">
            <message>
              <![CDATA[Test failed - An element could not be located on the page using the given search parameters.
For documentation on this error, please visit: https://www.seleniumhq.org/exceptions/no_such_element.html
Build info: version: '3.141.59', revision: 'e82be7d358', time: '2018-11-14T08:17:03'
System info: host: 'KPs-MacBook-Air.local', ip: 'fe80:0:0:0:10d3:e944:e37e:eadf%en0', os.name: 'Mac OS X', os.arch: 'x86_64', os.version: '10.14.4', java.version: '1.8.0_201'
Driver info: io.appium.java_client.ios.IOSDriver
Capabilities {app: /Users/KPatel/desktop/Usefu..., autoGrantPermissions: true, automationName: XCUITest, browserName: , databaseEnabled: false, deviceName: iPad, javascriptEnabled: true, locationContextEnabled: false, networkConnectionEnabled: false, noReset: false, platform: MAC, platformName: iOS, platformVersion: 12.2, takesScreenshot: true, udid: 51374c6ffa892bda089f11d0a63..., webStorageEnabled: false}
Session ID: 878a6361-a0c4-4182-b4d2-f36bbdd8ba52
*** Element info: {Using=accessibility id, value=Region:}]]>
            </message>
            <full-stacktrace>
              <![CDATA[java.lang.AssertionError: Test failed - An element could not be located on the page using the given search parameters.
For documentation on this error, please visit: https://www.seleniumhq.org/exceptions/no_such_element.html
Build info: version: '3.141.59', revision: 'e82be7d358', time: '2018-11-14T08:17:03'
System info: host: 'KPs-MacBook-Air.local', ip: 'fe80:0:0:0:10d3:e944:e37e:eadf%en0', os.name: 'Mac OS X', os.arch: 'x86_64', os.version: '10.14.4', java.version: '1.8.0_201'
Driver info: io.appium.java_client.ios.IOSDriver
Capabilities {app: /Users/KPatel/desktop/Usefu..., autoGrantPermissions: true, automationName: XCUITest, browserName: , databaseEnabled: false, deviceName: iPad, javascriptEnabled: true, locationContextEnabled: false, networkConnectionEnabled: false, noReset: false, platform: MAC, platformName: iOS, platformVersion: 12.2, takesScreenshot: true, udid: 51374c6ffa892bda089f11d0a63..., webStorageEnabled: false}
Session ID: 878a6361-a0c4-4182-b4d2-f36bbdd8ba52
*** Element info: {Using=accessibility id, value=Region:}
at org.testng.Assert.fail(Assert.java:96)
at com.mobile.datamanage.config.BaseTest.reportFailure(BaseTest.java:389)
at com.mobile.datamanage.config.BaseTest.IgetElement(BaseTest.java:283)
at com.mobile.datamanage.config.BaseTest.IElementDisplayed(BaseTest.java:159)
at com.mobile.ragression.ModProRegressionTests31to36.ModProRegScenario31(ModProRegressionTests31to36.java:154)
at sun.reflect.NativeMethodAccessorImpl.invoke0(Native Method)
at sun.reflect.NativeMethodAccessorImpl.invoke(NativeMethodAccessorImpl.java:62)
at sun.reflect.DelegatingMethodAccessorImpl.invoke(DelegatingMethodAccessorImpl.java:43)
at java.lang.reflect.Method.invoke(Method.java:498)
at org.testng.internal.MethodInvocationHelper.invokeMethod(MethodInvocationHelper.java:124)
at org.testng.internal.Invoker.invokeMethod(Invoker.java:580)
at org.testng.internal.Invoker.invokeTestMethod(Invoker.java:716)
at org.testng.internal.Invoker.invokeTestMethods(Invoker.java:988)
at org.testng.internal.TestMethodWorker.invokeTestMethods(TestMethodWorker.java:125)
at org.testng.internal.TestMethodWorker.run(TestMethodWorker.java:109)
at org.testng.TestRunner.privateRun(TestRunner.java:648)
at org.testng.TestRunner.run(TestRunner.java:505)
at org.testng.SuiteRunner.runTest(SuiteRunner.java:455)
at org.testng.SuiteRunner.runSequentially(SuiteRunner.java:450)
at org.testng.SuiteRunner.privateRun(SuiteRunner.java:415)
at org.testng.SuiteRunner.run(SuiteRunner.java:364)
at org.testng.SuiteRunnerWorker.runSuite(SuiteRunnerWorker.java:52)
at org.testng.SuiteRunnerWorker.run(SuiteRunnerWorker.java:84)
at org.testng.TestNG.runSuitesSequentially(TestNG.java:1208)
at org.testng.TestNG.runSuitesLocally(TestNG.java:1137)
at org.testng.TestNG.runSuites(TestNG.java:1049)
at org.testng.TestNG.run(TestNG.java:1017)
at org.testng.remote.AbstractRemoteTestNG.run(AbstractRemoteTestNG.java:114)
at org.testng.remote.RemoteTestNG.initAndRun(RemoteTestNG.java:251)
at org.testng.remote.RemoteTestNG.main(RemoteTestNG.java:77)
]]>
            </full-stacktrace>
          </exception> <!-- java.lang.AssertionError -->
          <reporter-output>
          </reporter-output>
        </test-method> <!-- ModProRegScenario31 -->
        <test-method status="PASS" signature="init()[pri:0, instance:com.mobile.ragression.ModProRegressionTests31to36@7bedc48a]" name="init" is-config="true" duration-ms="0" started-at="2019-07-18T16:47:46Z" finished-at="2019-07-18T16:47:46Z">
          <reporter-output>
          </reporter-output>
        </test-method> <!-- init -->
        <test-method status="FAIL" signature="ModProRegScenario32()[pri:3, instance:com.mobile.ragression.ModProRegressionTests31to36@7bedc48a]" name="ModProRegScenario32" duration-ms="72057" started-at="2019-07-18T16:48:09Z" finished-at="2019-07-18T16:49:21Z">
          <exception class="org.openqa.selenium.NoSuchElementException">
            <message>
              <![CDATA[An element could not be located on the page using the given search parameters.
For documentation on this error, please visit: https://www.seleniumhq.org/exceptions/no_such_element.html
Build info: version: '3.141.59', revision: 'e82be7d358', time: '2018-11-14T08:17:03'
System info: host: 'KPs-MacBook-Air.local', ip: 'fe80:0:0:0:10d3:e944:e37e:eadf%en0', os.name: 'Mac OS X', os.arch: 'x86_64', os.version: '10.14.4', java.version: '1.8.0_201'
Driver info: io.appium.java_client.ios.IOSDriver
Capabilities {app: /Users/KPatel/desktop/Usefu..., autoGrantPermissions: true, automationName: XCUITest, browserName: , databaseEnabled: false, deviceName: iPad, javascriptEnabled: true, locationContextEnabled: false, networkConnectionEnabled: false, noReset: false, platform: MAC, platformName: iOS, platformVersion: 12.2, takesScreenshot: true, udid: 51374c6ffa892bda089f11d0a63..., webStorageEnabled: false}
Session ID: 878a6361-a0c4-4182-b4d2-f36bbdd8ba52
*** Element info: {Using=xpath, value=//XCUIElementTypeSheet[@name="Division"]}]]>
            </message>
            <full-stacktrace>
              <![CDATA[org.openqa.selenium.NoSuchElementException: An element could not be located on the page using the given search parameters.
For documentation on this error, please visit: https://www.seleniumhq.org/exceptions/no_such_element.html
Build info: version: '3.141.59', revision: 'e82be7d358', time: '2018-11-14T08:17:03'
System info: host: 'KPs-MacBook-Air.local', ip: 'fe80:0:0:0:10d3:e944:e37e:eadf%en0', os.name: 'Mac OS X', os.arch: 'x86_64', os.version: '10.14.4', java.version: '1.8.0_201'
Driver info: io.appium.java_client.ios.IOSDriver
Capabilities {app: /Users/KPatel/desktop/Usefu..., autoGrantPermissions: true, automationName: XCUITest, browserName: , databaseEnabled: false, deviceName: iPad, javascriptEnabled: true, locationContextEnabled: false, networkConnectionEnabled: false, noReset: false, platform: MAC, platformName: iOS, platformVersion: 12.2, takesScreenshot: true, udid: 51374c6ffa892bda089f11d0a63..., webStorageEnabled: false}
Session ID: 878a6361-a0c4-4182-b4d2-f36bbdd8ba52
*** Element info: {Using=xpath, value=//XCUIElementTypeSheet[@name="Division"]}
at sun.reflect.NativeConstructorAccessorImpl.newInstance0(Native Method)
at sun.reflect.NativeConstructorAccessorImpl.newInstance(NativeConstructorAccessorImpl.java:62)
at sun.reflect.DelegatingConstructorAccessorImpl.newInstance(DelegatingConstructorAccessorImpl.java:45)
at java.lang.reflect.Constructor.newInstance(Constructor.java:423)
at org.openqa.selenium.remote.http.W3CHttpResponseCodec.createException(W3CHttpResponseCodec.java:187)
at org.openqa.selenium.remote.http.W3CHttpResponseCodec.decode(W3CHttpResponseCodec.java:122)
at org.openqa.selenium.remote.http.W3CHttpResponseCodec.decode(W3CHttpResponseCodec.java:49)
at org.openqa.selenium.remote.HttpCommandExecutor.execute(HttpCommandExecutor.java:158)
at io.appium.java_client.remote.AppiumCommandExecutor.execute(AppiumCommandExecutor.java:231)
at org.openqa.selenium.remote.RemoteWebDriver.execute(RemoteWebDriver.java:552)
at io.appium.java_client.DefaultGenericMobileDriver.execute(DefaultGenericMobileDriver.java:42)
at io.appium.java_client.AppiumDriver.execute(AppiumDriver.java:1)
at io.appium.java_client.ios.IOSDriver.execute(IOSDriver.java:1)
at org.openqa.selenium.remote.RemoteWebDriver.findElement(RemoteWebDriver.java:323)
at io.appium.java_client.DefaultGenericMobileDriver.findElement(DefaultGenericMobileDriver.java:62)
at io.appium.java_client.AppiumDriver.findElement(AppiumDriver.java:1)
at io.appium.java_client.ios.IOSDriver.findElement(IOSDriver.java:1)
at org.openqa.selenium.remote.RemoteWebDriver.findElementByXPath(RemoteWebDriver.java:428)
at io.appium.java_client.DefaultGenericMobileDriver.findElementByXPath(DefaultGenericMobileDriver.java:152)
at io.appium.java_client.AppiumDriver.findElementByXPath(AppiumDriver.java:1)
at io.appium.java_client.ios.IOSDriver.findElementByXPath(IOSDriver.java:1)
at org.openqa.selenium.By$ByXPath.findElement(By.java:353)
at org.openqa.selenium.remote.RemoteWebDriver.findElement(RemoteWebDriver.java:315)
at io.appium.java_client.DefaultGenericMobileDriver.findElement(DefaultGenericMobileDriver.java:58)
at io.appium.java_client.AppiumDriver.findElement(AppiumDriver.java:1)
at io.appium.java_client.ios.IOSDriver.findElement(IOSDriver.java:1)
at com.mobile.ragression.ModProRegressionTests31to36.ModProRegScenario32(ModProRegressionTests31to36.java:214)
at sun.reflect.NativeMethodAccessorImpl.invoke0(Native Method)
at sun.reflect.NativeMethodAccessorImpl.invoke(NativeMethodAccessorImpl.java:62)
at sun.reflect.DelegatingMethodAccessorImpl.invoke(DelegatingMethodAccessorImpl.java:43)
at java.lang.reflect.Method.invoke(Method.java:498)
at org.testng.internal.MethodInvocationHelper.invokeMethod(MethodInvocationHelper.java:124)
at org.testng.internal.Invoker.invokeMethod(Invoker.java:580)
at org.testng.internal.Invoker.invokeTestMethod(Invoker.java:716)
at org.testng.internal.Invoker.invokeTestMethods(Invoker.java:988)
at org.testng.internal.TestMethodWorker.invokeTestMethods(TestMethodWorker.java:125)
at org.testng.internal.TestMethodWorker.run(TestMethodWorker.java:109)
at org.testng.TestRunner.privateRun(TestRunner.java:648)
at org.testng.TestRunner.run(TestRunner.java:505)
at org.testng.SuiteRunner.runTest(SuiteRunner.java:455)
at org.testng.SuiteRunner.runSequentially(SuiteRunner.java:450)
at org.testng.SuiteRunner.privateRun(SuiteRunner.java:415)
at org.testng.SuiteRunner.run(SuiteRunner.java:364)
at org.testng.SuiteRunnerWorker.runSuite(SuiteRunnerWorker.java:52)
at org.testng.SuiteRunnerWorker.run(SuiteRunnerWorker.java:84)
at org.testng.TestNG.runSuitesSequentially(TestNG.java:1208)
at org.testng.TestNG.runSuitesLocally(TestNG.java:1137)
at org.testng.TestNG.runSuites(TestNG.java:1049)
at org.testng.TestNG.run(TestNG.java:1017)
at org.testng.remote.AbstractRemoteTestNG.run(AbstractRemoteTestNG.java:114)
at org.testng.remote.RemoteTestNG.initAndRun(RemoteTestNG.java:251)
at org.testng.remote.RemoteTestNG.main(RemoteTestNG.java:77)
]]>
            </full-stacktrace>
          </exception> <!-- org.openqa.selenium.NoSuchElementException -->
          <reporter-output>
          </reporter-output>
        </test-method> <!-- ModProRegScenario32 -->
        <test-method status="PASS" signature="init()[pri:0, instance:com.mobile.ragression.ModProRegressionTests31to36@7bedc48a]" name="init" is-config="true" duration-ms="0" started-at="2019-07-18T16:48:09Z" finished-at="2019-07-18T16:48:09Z">
          <reporter-output>
          </reporter-output>
        </test-method> <!-- init -->
        <test-method status="FAIL" signature="ModProRegScenario33()[pri:4, instance:com.mobile.ragression.ModProRegressionTests31to36@7bedc48a]" name="ModProRegScenario33" duration-ms="29550" started-at="2019-07-18T16:49:21Z" finished-at="2019-07-18T16:49:50Z">
          <exception class="java.lang.AssertionError">
            <message>
              <![CDATA[Test failed - An element could not be located on the page using the given search parameters.
For documentation on this error, please visit: https://www.seleniumhq.org/exceptions/no_such_element.html
Build info: version: '3.141.59', revision: 'e82be7d358', time: '2018-11-14T08:17:03'
System info: host: 'KPs-MacBook-Air.local', ip: 'fe80:0:0:0:10d3:e944:e37e:eadf%en0', os.name: 'Mac OS X', os.arch: 'x86_64', os.version: '10.14.4', java.version: '1.8.0_201'
Driver info: io.appium.java_client.ios.IOSDriver
Capabilities {app: /Users/KPatel/desktop/Usefu..., autoGrantPermissions: true, automationName: XCUITest, browserName: , databaseEnabled: false, deviceName: iPad, javascriptEnabled: true, locationContextEnabled: false, networkConnectionEnabled: false, noReset: false, platform: MAC, platformName: iOS, platformVersion: 12.2, takesScreenshot: true, udid: 51374c6ffa892bda089f11d0a63..., webStorageEnabled: false}
Session ID: 878a6361-a0c4-4182-b4d2-f36bbdd8ba52
*** Element info: {Using=xpath, value=//XCUIElementTypeSheet[@name="SubDivision"]/XCUIElementTypePicker}]]>
            </message>
            <full-stacktrace>
              <![CDATA[java.lang.AssertionError: Test failed - An element could not be located on the page using the given search parameters.
For documentation on this error, please visit: https://www.seleniumhq.org/exceptions/no_such_element.html
Build info: version: '3.141.59', revision: 'e82be7d358', time: '2018-11-14T08:17:03'
System info: host: 'KPs-MacBook-Air.local', ip: 'fe80:0:0:0:10d3:e944:e37e:eadf%en0', os.name: 'Mac OS X', os.arch: 'x86_64', os.version: '10.14.4', java.version: '1.8.0_201'
Driver info: io.appium.java_client.ios.IOSDriver
Capabilities {app: /Users/KPatel/desktop/Usefu..., autoGrantPermissions: true, automationName: XCUITest, browserName: , databaseEnabled: false, deviceName: iPad, javascriptEnabled: true, locationContextEnabled: false, networkConnectionEnabled: false, noReset: false, platform: MAC, platformName: iOS, platformVersion: 12.2, takesScreenshot: true, udid: 51374c6ffa892bda089f11d0a63..., webStorageEnabled: false}
Session ID: 878a6361-a0c4-4182-b4d2-f36bbdd8ba52
*** Element info: {Using=xpath, value=//XCUIElementTypeSheet[@name="SubDivision"]/XCUIElementTypePicker}
at org.testng.Assert.fail(Assert.java:96)
at com.mobile.datamanage.config.BaseTest.reportFailure(BaseTest.java:389)
at com.mobile.datamanage.config.BaseTest.IgetElement(BaseTest.java:283)
at com.mobile.datamanage.config.BaseTest.IElementDisplayed(BaseTest.java:159)
at com.mobile.ragression.ModProRegressionTests31to36.ModProRegScenario33(ModProRegressionTests31to36.java:258)
at sun.reflect.NativeMethodAccessorImpl.invoke0(Native Method)
at sun.reflect.NativeMethodAccessorImpl.invoke(NativeMethodAccessorImpl.java:62)
at sun.reflect.DelegatingMethodAccessorImpl.invoke(DelegatingMethodAccessorImpl.java:43)
at java.lang.reflect.Method.invoke(Method.java:498)
at org.testng.internal.MethodInvocationHelper.invokeMethod(MethodInvocationHelper.java:124)
at org.testng.internal.Invoker.invokeMethod(Invoker.java:580)
at org.testng.internal.Invoker.invokeTestMethod(Invoker.java:716)
at org.testng.internal.Invoker.invokeTestMethods(Invoker.java:988)
at org.testng.internal.TestMethodWorker.invokeTestMethods(TestMethodWorker.java:125)
at org.testng.internal.TestMethodWorker.run(TestMethodWorker.java:109)
at org.testng.TestRunner.privateRun(TestRunner.java:648)
at org.testng.TestRunner.run(TestRunner.java:505)
at org.testng.SuiteRunner.runTest(SuiteRunner.java:455)
at org.testng.SuiteRunner.runSequentially(SuiteRunner.java:450)
at org.testng.SuiteRunner.privateRun(SuiteRunner.java:415)
at org.testng.SuiteRunner.run(SuiteRunner.java:364)
at org.testng.SuiteRunnerWorker.runSuite(SuiteRunnerWorker.java:52)
at org.testng.SuiteRunnerWorker.run(SuiteRunnerWorker.java:84)
at org.testng.TestNG.runSuitesSequentially(TestNG.java:1208)
at org.testng.TestNG.runSuitesLocally(TestNG.java:1137)
at org.testng.TestNG.runSuites(TestNG.java:1049)
at org.testng.TestNG.run(TestNG.java:1017)
at org.testng.remote.AbstractRemoteTestNG.run(AbstractRemoteTestNG.java:114)
at org.testng.remote.RemoteTestNG.initAndRun(RemoteTestNG.java:251)
at org.testng.remote.RemoteTestNG.main(RemoteTestNG.java:77)
]]>
            </full-stacktrace>
          </exception> <!-- java.lang.AssertionError -->
          <reporter-output>
          </reporter-output>
        </test-method> <!-- ModProRegScenario33 -->
        <test-method status="PASS" signature="init()[pri:0, instance:com.mobile.ragression.ModProRegressionTests31to36@7bedc48a]" name="init" is-config="true" duration-ms="0" started-at="2019-07-18T16:49:21Z" finished-at="2019-07-18T16:49:21Z">
          <reporter-output>
          </reporter-output>
        </test-method> <!-- init -->
        <test-method status="PASS" signature="init()[pri:0, instance:com.mobile.ragression.ModProRegressionTests31to36@7bedc48a]" name="init" is-config="true" duration-ms="3" started-at="2019-07-18T16:49:50Z" finished-at="2019-07-18T16:49:50Z">
          <reporter-output>
          </reporter-output>
        </test-method> <!-- init -->
        <test-method status="PASS" signature="ModProRegScenario34()[pri:5, instance:com.mobile.ragression.ModProRegressionTests31to36@7bedc48a]" name="ModProRegScenario34" duration-ms="9398" started-at="2019-07-18T16:49:50Z" finished-at="2019-07-18T16:50:00Z">
          <reporter-output>
          </reporter-output>
        </test-method> <!-- ModProRegScenario34 -->
        <test-method status="FAIL" signature="ModProRegScenario35()[pri:6, instance:com.mobile.ragression.ModProRegressionTests31to36@7bedc48a]" name="ModProRegScenario35" duration-ms="1347" started-at="2019-07-18T16:50:00Z" finished-at="2019-07-18T16:50:01Z">
          <exception class="java.lang.AssertionError">
            <message>
              <![CDATA[Locator must be saved in _xpath,_id or _aid formate in Project.Properties - ]]>
            </message>
            <full-stacktrace>
              <![CDATA[java.lang.AssertionError: Locator must be saved in _xpath,_id or _aid formate in Project.Properties - 
at org.testng.Assert.fail(Assert.java:96)
at com.mobile.datamanage.config.BaseTest.reportFailure(BaseTest.java:389)
at com.mobile.datamanage.config.BaseTest.IgetElement(BaseTest.java:279)
at com.mobile.datamanage.config.BaseTest.IElementDisplayed(BaseTest.java:159)
at com.mobile.ragression.ModProRegressionTests31to36.ModProRegScenario35(ModProRegressionTests31to36.java:312)
at sun.reflect.NativeMethodAccessorImpl.invoke0(Native Method)
at sun.reflect.NativeMethodAccessorImpl.invoke(NativeMethodAccessorImpl.java:62)
at sun.reflect.DelegatingMethodAccessorImpl.invoke(DelegatingMethodAccessorImpl.java:43)
at java.lang.reflect.Method.invoke(Method.java:498)
at org.testng.internal.MethodInvocationHelper.invokeMethod(MethodInvocationHelper.java:124)
at org.testng.internal.Invoker.invokeMethod(Invoker.java:580)
at org.testng.internal.Invoker.invokeTestMethod(Invoker.java:716)
at org.testng.internal.Invoker.invokeTestMethods(Invoker.java:988)
at org.testng.internal.TestMethodWorker.invokeTestMethods(TestMethodWorker.java:125)
at org.testng.internal.TestMethodWorker.run(TestMethodWorker.java:109)
at org.testng.TestRunner.privateRun(TestRunner.java:648)
at org.testng.TestRunner.run(TestRunner.java:505)
at org.testng.SuiteRunner.runTest(SuiteRunner.java:455)
at org.testng.SuiteRunner.runSequentially(SuiteRunner.java:450)
at org.testng.SuiteRunner.privateRun(SuiteRunner.java:415)
at org.testng.SuiteRunner.run(SuiteRunner.java:364)
at org.testng.SuiteRunnerWorker.runSuite(SuiteRunnerWorker.java:52)
at org.testng.SuiteRunnerWorker.run(SuiteRunnerWorker.java:84)
at org.testng.TestNG.runSuitesSequentially(TestNG.java:1208)
at org.testng.TestNG.runSuitesLocally(TestNG.java:1137)
at org.testng.TestNG.runSuites(TestNG.java:1049)
at org.testng.TestNG.run(TestNG.java:1017)
at org.testng.remote.AbstractRemoteTestNG.run(AbstractRemoteTestNG.java:114)
at org.testng.remote.RemoteTestNG.initAndRun(RemoteTestNG.java:251)
at org.testng.remote.RemoteTestNG.main(RemoteTestNG.java:77)
]]>
            </full-stacktrace>
          </exception> <!-- java.lang.AssertionError -->
          <reporter-output>
          </reporter-output>
        </test-method> <!-- ModProRegScenario35 -->
        <test-method status="PASS" signature="init()[pri:0, instance:com.mobile.ragression.ModProRegressionTests31to36@7bedc48a]" name="init" is-config="true" duration-ms="0" started-at="2019-07-18T16:50:00Z" finished-at="2019-07-18T16:50:00Z">
          <reporter-output>
          </reporter-output>
        </test-method> <!-- init -->
        <test-method status="PASS" signature="init()[pri:0, instance:com.mobile.ragression.ModProRegressionTests31to36@7bedc48a]" name="init" is-config="true" duration-ms="0" started-at="2019-07-18T16:50:01Z" finished-at="2019-07-18T16:50:01Z">
          <reporter-output>
          </reporter-output>
        </test-method> <!-- init -->
        <test-method status="PASS" signature="ModProRegScenario36()[pri:7, instance:com.mobile.ragression.ModProRegressionTests31to36@7bedc48a]" name="ModProRegScenario36" duration-ms="21662" started-at="2019-07-18T16:50:01Z" finished-at="2019-07-18T16:50:23Z">
          <reporter-output>
          </reporter-output>
        </test-method> <!-- ModProRegScenario36 -->
        <test-method status="PASS" signature="quit()[pri:0, instance:com.mobile.ragression.ModProRegressionTests31to36@7bedc48a]" name="quit" is-config="true" duration-ms="1458" started-at="2019-07-18T16:50:23Z" finished-at="2019-07-18T16:50:24Z">
          <reporter-output>
          </reporter-output>
        </test-method> <!-- quit -->
      </class> <!-- com.mobile.ragression.ModProRegressionTests31to36 -->
    </test> <!-- Default test -->
  </suite> <!-- Default suite -->
</testng-results>
