<?xml version="1.0" encoding="UTF-8"?>
<!-- Generated by org.testng.reporters.JUnitXMLReporter -->
<testsuite hostname="KPs-MacBook-Air.local" ignored="0" name="ModPro" tests="15" failures="1" timestamp="11 Apr 2019 22:22:49 GMT" time="190.615" errors="0">
  <testcase name="OpenApp" time="76.173" classname="com.mobile.datamanage.config.ModProSmokeTests"/>
  <testcase name="newReport" time="52.011" classname="com.mobile.datamanage.config.ModProSmokeTests"/>
  <testcase name="ShiftStart" time="60.278" classname="com.mobile.datamanage.config.ModProSmokeTests">
    <failure type="java.lang.AssertionError" message="Test failed - An element could not be located on the page using the given search parameters.
For documentation on this error, please visit: https://www.seleniumhq.org/exceptions/no_such_element.html
Build info: version: &amp;apos;3.141.59&amp;apos;, revision: &amp;apos;e82be7d358&amp;apos;, time: &amp;apos;2018-11-14T08:17:03&amp;apos;
System info: host: &amp;apos;KPs-MacBook-Air.local&amp;apos;, ip: &amp;apos;fe80:0:0:0:c8d:4cb3:d04b:422d%en0&amp;apos;, os.name: &amp;apos;Mac OS X&amp;apos;, os.arch: &amp;apos;x86_64&amp;apos;, os.version: &amp;apos;10.14.4&amp;apos;, java.version: &amp;apos;1.8.0_201&amp;apos;
Driver info: io.appium.java_client.ios.IOSDriver
Capabilities {app: /Users/KPatel/desktop/Usefu..., autoGrantPermissions: true, browserName: , databaseEnabled: false, deviceName: iPad, javascriptEnabled: true, locationContextEnabled: false, networkConnectionEnabled: false, noReset: true, platform: MAC, platformName: iOS, platformVersion: 12.0, takesScreenshot: true, udid: 51374c6ffa892bda089f11d0a63..., webStorageEnabled: false}
Session ID: 9022ce3a-c0e5-43d5-b45c-3d9e4d1da24c
*** Element info: {Using=xpath, value=(//XCUIElementTypeButton[@name=&amp;quot;Done&amp;quot;])[2]}">
      <![CDATA[java.lang.AssertionError: Test failed - An element could not be located on the page using the given search parameters.
For documentation on this error, please visit: https://www.seleniumhq.org/exceptions/no_such_element.html
Build info: version: '3.141.59', revision: 'e82be7d358', time: '2018-11-14T08:17:03'
System info: host: 'KPs-MacBook-Air.local', ip: 'fe80:0:0:0:c8d:4cb3:d04b:422d%en0', os.name: 'Mac OS X', os.arch: 'x86_64', os.version: '10.14.4', java.version: '1.8.0_201'
Driver info: io.appium.java_client.ios.IOSDriver
Capabilities {app: /Users/KPatel/desktop/Usefu..., autoGrantPermissions: true, browserName: , databaseEnabled: false, deviceName: iPad, javascriptEnabled: true, locationContextEnabled: false, networkConnectionEnabled: false, noReset: true, platform: MAC, platformName: iOS, platformVersion: 12.0, takesScreenshot: true, udid: 51374c6ffa892bda089f11d0a63..., webStorageEnabled: false}
Session ID: 9022ce3a-c0e5-43d5-b45c-3d9e4d1da24c
*** Element info: {Using=xpath, value=(//XCUIElementTypeButton[@name="Done"])[2]}
at com.mobile.datamanage.config.BaseTest.reportFailure(BaseTest.java:288)
at com.mobile.datamanage.config.BaseTest.IgetElement(BaseTest.java:245)
at com.mobile.datamanage.config.BaseTest.Iclick(BaseTest.java:135)
at com.mobile.datamanage.config.ModProSmokeTests.ShiftStart(ModProSmokeTests.java:111)
at java.util.concurrent.FutureTask.run(FutureTask.java:266)
at java.util.concurrent.ThreadPoolExecutor.runWorker(ThreadPoolExecutor.java:1149)
at java.util.concurrent.ThreadPoolExecutor$Worker.run(ThreadPoolExecutor.java:624)
at java.lang.Thread.run(Thread.java:748)
... Removed 17 stack frames]]>
    </failure>
  </testcase> <!-- ShiftStart -->
  <testcase name="JobInfo" time="0.0" classname="com.mobile.datamanage.config.ModProSmokeTests">
    <skipped/>
  </testcase> <!-- JobInfo -->
  <testcase name="Welds_Activities" time="0.0" classname="com.mobile.datamanage.config.ModProSmokeTests">
    <skipped/>
  </testcase> <!-- Welds_Activities -->
  <testcase name="MissedWelds" time="0.0" classname="com.mobile.datamanage.config.ModProSmokeTests">
    <skipped/>
  </testcase> <!-- MissedWelds -->
  <testcase name="Inventory" time="0.0" classname="com.mobile.datamanage.config.ModProSmokeTests">
    <skipped/>
  </testcase> <!-- Inventory -->
  <testcase name="HyRailBrake" time="0.0" classname="com.mobile.datamanage.config.ModProSmokeTests">
    <skipped/>
  </testcase> <!-- HyRailBrake -->
  <testcase name="EndShift" time="0.001" classname="com.mobile.datamanage.config.ModProSmokeTests">
    <skipped/>
  </testcase> <!-- EndShift -->
  <testcase name="CrewTime" time="0.001" classname="com.mobile.datamanage.config.ModProSmokeTests">
    <skipped/>
  </testcase> <!-- CrewTime -->
  <testcase name="ProductionValue" time="0.0" classname="com.mobile.datamanage.config.ModProSmokeTests">
    <skipped/>
  </testcase> <!-- ProductionValue -->
  <testcase name="CheckingWeldsActivities" time="0.0" classname="com.mobile.datamanage.config.ModProSmokeTests">
    <skipped/>
  </testcase> <!-- CheckingWeldsActivities -->
  <testcase name="ReviewFullReport" time="0.0" classname="com.mobile.datamanage.config.ModProSmokeTests">
    <skipped/>
  </testcase> <!-- ReviewFullReport -->
  <testcase name="Signature" time="0.0" classname="com.mobile.datamanage.config.ModProSmokeTests">
    <skipped/>
  </testcase> <!-- Signature -->
  <testcase name="SignatureKP" time="0.005" classname="com.mobile.datamanage.config.ModProSmokeTests"/>
</testsuite> <!-- ModPro -->
