<?xml version="1.0" encoding="UTF-8"?>
<!-- Generated by org.testng.reporters.JUnitXMLReporter -->
<testsuite hostname="KPs-MacBook-Air.local" ignored="0" name="Sample Test" tests="2" failures="1" timestamp="23 Jan 2019 15:53:32 GMT" time="12.472" errors="0">
  <testcase name="testApp" time="10.951" classname="com.mobile.hybrid.SampleTest">
    <failure type="java.lang.AssertionError" message="Locator not found categoryLabel_xpath1">
      <![CDATA[java.lang.AssertionError: Locator not found categoryLabel_xpath1
at com.qtpselenium.mobile.hybrid.driver.GenericKeywords.reportFailure(GenericKeywords.java:135)
at com.qtpselenium.mobile.hybrid.driver.GenericKeywords.getElement(GenericKeywords.java:101)
at com.qtpselenium.mobile.hybrid.driver.GenericKeywords.click(GenericKeywords.java:82)
at com.qtpselenium.mobile.hybrid.driver.DriverScript.executeKeywords(DriverScript.java:45)
at com.mobile.hybrid.SampleTest.testApp(SampleTest.java:39)
... Removed 26 stack frames]]>
    </failure>
  </testcase> <!-- testApp -->
  <testcase name="testApp" time="0.002" classname="com.mobile.hybrid.SampleTest">
    <skipped/>
  </testcase> <!-- testApp -->
</testsuite> <!-- Sample Test -->
