<html xmlns:math="http://exslt.org/math" xmlns:testng="http://testng.org">
   <head>
      <title>TestNG Results</title>
      <meta http-equiv="content-type" content="text/html; charset=utf-8"></meta>
      <meta http-equiv="pragma" content="no-cache"></meta>
      <meta http-equiv="cache-control" content="max-age=0"></meta>
      <meta http-equiv="cache-control" content="no-cache"></meta>
      <meta http-equiv="cache-control" content="no-store"></meta>
      <LINK rel="stylesheet" href="style.css"></LINK>
      <script type="text/javascript" src="main.js"></script>
   </head>
   <body>
      <table width="100%" style="font-size: 16px; margin-bottom: 10px;" cellspacing="1">
         <tr>
            <td width="100%">
               All methods in suite
               
               <b>SuiteName</b>
            </td>
            <td style="background-color: #FFBBBB; padding: 3px 3px 3px 0;" align="center">
               <div style="width: 50px;">1</div>
            </td>
            <td style="background-color: lightgreen; padding: 3px 3px 3px 0;" align="center">
               <div style="width: 50px;">1</div>
            </td>
            <td style="background-color: #FFFFBB; padding: 3px 3px 3px 0;" align="center">
               <div style="width: 50px;">2</div>
            </td>
            <td align="center" style="background-color: #eaf0f7; padding: 3px 3px 3px 0;">
               <div style="width: 50px;">4</div>
            </td>
            <td align="center"
                style="font-weight: bold; background-color: #eaf0f7; padding: 3px 3px 3px 0;">
               <div style="width: 50px;">25%</div>
            </td>
            <td style="background-color: #eaf0f7; padding: 3px 3px 3px 0;" align="center"
                nowrap="true">782 ms
               
            </td>
         </tr>
      </table>
      <div style="width: 200px;">
         <label for="groupMethodsCheckBox" style="font-weight: bold; margin: 0;">
            <input id="groupMethodsCheckBox" type="checkbox" onclick="switchTestMethodsView(this)"></input>
            Group by class
            
         </label>
         <br></br>
         <label for="methodsFilter_ALL" style="font-weight: bold; margin: 0;">
            <input id="methodsFilter_ALL" type="checkbox"
                   onclick="testMethodsFilterChanged(this, 'ALL')"></input>
            All
            
         </label>
      </div>
      <label for="methodsFilter_FAIL" style="margin-left: 20px;">
         <input id="methodsFilter_FAIL" type="checkbox"
                onclick="testMethodsFilterChanged(this, 'FAIL')"
                checked=""></input>
         Failed
         
      </label>
      <label for="methodsFilter_PASS">
         <input id="methodsFilter_PASS" type="checkbox"
                onclick="testMethodsFilterChanged(this, 'PASS')"
                checked=""></input>
         Passed
         
      </label>
      <label for="methodsFilter_SKIP">
         <input id="methodsFilter_SKIP" type="checkbox"
                onclick="testMethodsFilterChanged(this, 'SKIP')"
                checked=""></input>
         Skipped
         
      </label>
      <label for="methodsFilter_CONF">
         <input id="methodsFilter_CONF" type="checkbox"
                onclick="testMethodsFilterChanged(this, 'CONF')"></input>
         Config
         
      </label>
      <br></br>
      <div id="testMethodsByStatus">
         <table class="testMethodsTable" cellpadding="0" cellspacing="0">
            <tr class="methodsTableHeader">
               <td width="100%">Name</td>
               <td nowrap="true">Started</td>
               <td nowrap="true">Duration</td>
               <td>Exception</td>
            </tr>
            <tr id="com.qtpselenium.mobile.hybrid.SampleTest_testApp_byStatus_failed_FAIL1_row"
                class="testMethodStatusFAIL">
               <td width="100%" class="firstMethodCell">
                  <a onclick="toggleDetailsVisibility('com.qtpselenium.mobile.hybrid.SampleTest_testApp_byStatus_failed_FAIL1_details')">testApp({Amount=100, ExpResult=Success, Runmode=Y})</a>
               </td>
               <td nowrap="true">13:02:38</td>
               <td nowrap="true" align="right">410 ms
                  
               </td>
               <td nowrap="true">
                  <a onclick="toggleDetailsVisibility('com.qtpselenium.mobile.hybrid.SampleTest_testApp_byStatus_failed_FAIL1_exception')">java.lang.AssertionError: 
                     Driver failed to start - A new session could not be created. (Original error: Requested a new session but one was in progress)
                     (WARNING: The server did not provide any stacktrace information)
                     Command duration or timeout: 150 milliseconds
                     Build info: version: '2.52.0', revision: '4c2593c', time: '2016-02-11 19:06:42'
                     System info: host: 'a-PC', ip: '192.168.1.111', os.name: 'Windows 7', os.arch: 'amd64', os.version: '6.1', java.version: '1.8.0_05'
                     Driver info: io.appium.java_client.android.AndroidDriver
                     
                  </a>
                   
                  
               </td>
            </tr>
            <tr>
               <td colspan="4" class="detailsBox">
                  <div id="com.qtpselenium.mobile.hybrid.SampleTest_testApp_byStatus_failed_FAIL1_details"
                       class="testMethodDetails">
                     <div>
                        <b>Name: </b>testApp
                     </div>
                     <div>
                        <b>Signature: </b>testApp(java.util.Hashtable)[pri:0, instance:com.qtpselenium.mobile.hybrid.SampleTest@40a4337a]
                     </div>
                     <div>
                        <b>Parameters: </b>
                        
                        {Amount=100, ExpResult=Success, Runmode=Y}
                        
                        
                     </div>
                     <div>
                        <b>Start time: </b>13:02:38
                     </div>
                     <div>
                        <b>End time: </b>13:02:39
                     </div>
                     <div>
                        <b>Duration: </b>410 ms
                        
                     </div>
                  </div>
               </td>
            </tr>
            <tr>
               <td colspan="4" class="detailsBox">
                  <div id="com.qtpselenium.mobile.hybrid.SampleTest_testApp_byStatus_failed_FAIL1_exception"
                       class="testMethodDetails">
                     <pre style="padding: 5px; margin: 0;">java.lang.AssertionError: Driver failed to start - A new session could not be created. (Original error: Requested a new session
                        but one was in progress) (WARNING: The server did not provide any stacktrace information)
                        Command duration or timeout: 150 milliseconds
                        Build info: version: '2.52.0', revision: '4c2593c', time: '2016-02-11 19:06:42'
                        System info: host: 'a-PC', ip: '192.168.1.111', os.name: 'Windows 7', os.arch: 'amd64', os.version: '6.1', java.version: '1.8.0_05'
                        Driver info: io.appium.java_client.android.AndroidDriver
                        	at org.testng.Assert.fail(Assert.java:94)
                        	at com.qtpselenium.mobile.hybrid.driver.GenericKeywords.openapp(GenericKeywords.java:67)
                        	at com.qtpselenium.mobile.hybrid.driver.DriverScript.executeKeywords(DriverScript.java:38)
                        	at com.qtpselenium.mobile.hybrid.SampleTest.testApp(SampleTest.java:39)
                        	at sun.reflect.NativeMethodAccessorImpl.invoke0(Native Method)
                        	at sun.reflect.NativeMethodAccessorImpl.invoke(NativeMethodAccessorImpl.java:62)
                        	at sun.reflect.DelegatingMethodAccessorImpl.invoke(DelegatingMethodAccessorImpl.java:43)
                        	at java.lang.reflect.Method.invoke(Method.java:483)
                        	at org.testng.internal.MethodInvocationHelper.invokeMethod(MethodInvocationHelper.java:85)
                        	at org.testng.internal.Invoker.invokeMethod(Invoker.java:639)
                        	at org.testng.internal.Invoker.invokeTestMethod(Invoker.java:816)
                        	at org.testng.internal.Invoker.invokeTestMethods(Invoker.java:1124)
                        	at org.testng.internal.TestMethodWorker.invokeTestMethods(TestMethodWorker.java:125)
                        	at org.testng.internal.TestMethodWorker.run(TestMethodWorker.java:108)
                        	at org.testng.TestRunner.privateRun(TestRunner.java:774)
                        	at org.testng.TestRunner.run(TestRunner.java:624)
                        	at org.testng.SuiteRunner.runTest(SuiteRunner.java:359)
                        	at org.testng.SuiteRunner.runSequentially(SuiteRunner.java:354)
                        	at org.testng.SuiteRunner.privateRun(SuiteRunner.java:312)
                        	at org.testng.SuiteRunner.run(SuiteRunner.java:261)
                        	at org.testng.SuiteRunnerWorker.runSuite(SuiteRunnerWorker.java:52)
                        	at org.testng.SuiteRunnerWorker.run(SuiteRunnerWorker.java:86)
                        	at org.testng.TestNG.runSuitesSequentially(TestNG.java:1215)
                        	at org.testng.TestNG.runSuitesLocally(TestNG.java:1140)
                        	at org.testng.TestNG.run(TestNG.java:1048)
                        	at org.testng.TestNG.privateMain(TestNG.java:1355)
                        	at org.testng.TestNG.main(TestNG.java:1324)
                     </pre>
                  </div>
               </td>
            </tr>
            <tr id="com.qtpselenium.mobile.hybrid.SampleTest_quit_byStatus_passed_PASS1_row"
                class="testMethodStatusPASS testMethodStatusCONF">
               <td width="100%" class="firstMethodCell">
                  <a onclick="toggleDetailsVisibility('com.qtpselenium.mobile.hybrid.SampleTest_quit_byStatus_passed_PASS1_details')">quit()</a>
               </td>
               <td nowrap="true">13:02:39</td>
               <td nowrap="true" align="right">262 ms
                  
               </td>
               <td nowrap="true">
                   
                  
               </td>
            </tr>
            <tr>
               <td colspan="4" class="detailsBox">
                  <div id="com.qtpselenium.mobile.hybrid.SampleTest_quit_byStatus_passed_PASS1_details"
                       class="testMethodDetails">
                     <div>
                        <b>Name: </b>quit
                     </div>
                     <div>
                        <b>Signature: </b>quit()[pri:0, instance:com.qtpselenium.mobile.hybrid.SampleTest@40a4337a]
                     </div>
                     <div>
                        <b>Start time: </b>13:02:39
                     </div>
                     <div>
                        <b>End time: </b>13:02:39
                     </div>
                     <div>
                        <b>Duration: </b>262 ms
                        
                     </div>
                  </div>
               </td>
            </tr>
            <tr></tr>
            <tr id="com.qtpselenium.mobile.hybrid.SampleTest_quit_byStatus_passed_PASS2_row"
                class="testMethodStatusPASS testMethodStatusCONF">
               <td width="100%" class="firstMethodCell">
                  <a onclick="toggleDetailsVisibility('com.qtpselenium.mobile.hybrid.SampleTest_quit_byStatus_passed_PASS2_details')">quit()</a>
               </td>
               <td nowrap="true">13:02:39</td>
               <td nowrap="true" align="right">30 ms
                  
               </td>
               <td nowrap="true">
                   
                  
               </td>
            </tr>
            <tr>
               <td colspan="4" class="detailsBox">
                  <div id="com.qtpselenium.mobile.hybrid.SampleTest_quit_byStatus_passed_PASS2_details"
                       class="testMethodDetails">
                     <div>
                        <b>Name: </b>quit
                     </div>
                     <div>
                        <b>Signature: </b>quit()[pri:0, instance:com.qtpselenium.mobile.hybrid.SampleTest@40a4337a]
                     </div>
                     <div>
                        <b>Start time: </b>13:02:39
                     </div>
                     <div>
                        <b>End time: </b>13:02:39
                     </div>
                     <div>
                        <b>Duration: </b>30 ms
                        
                     </div>
                  </div>
               </td>
            </tr>
            <tr></tr>
            <tr id="com.qtpselenium.mobile.hybrid.TestExp_quit_byStatus_passed_PASS3_row"
                class="testMethodStatusPASS testMethodStatusCONF">
               <td width="100%" class="firstMethodCell">
                  <a onclick="toggleDetailsVisibility('com.qtpselenium.mobile.hybrid.TestExp_quit_byStatus_passed_PASS3_details')">quit()</a>
               </td>
               <td nowrap="true">13:02:39</td>
               <td nowrap="true" align="right">30 ms
                  
               </td>
               <td nowrap="true">
                   
                  
               </td>
            </tr>
            <tr>
               <td colspan="4" class="detailsBox">
                  <div id="com.qtpselenium.mobile.hybrid.TestExp_quit_byStatus_passed_PASS3_details"
                       class="testMethodDetails">
                     <div>
                        <b>Name: </b>quit
                     </div>
                     <div>
                        <b>Signature: </b>quit()[pri:0, instance:com.qtpselenium.mobile.hybrid.TestExp@40005471]
                     </div>
                     <div>
                        <b>Start time: </b>13:02:39
                     </div>
                     <div>
                        <b>End time: </b>13:02:39
                     </div>
                     <div>
                        <b>Duration: </b>30 ms
                        
                     </div>
                  </div>
               </td>
            </tr>
            <tr></tr>
            <tr id="com.qtpselenium.mobile.hybrid.TestInc_testInc_byStatus_passed_PASS4_row"
                class="testMethodStatusPASS">
               <td width="100%" class="firstMethodCell">
                  <a onclick="toggleDetailsVisibility('com.qtpselenium.mobile.hybrid.TestInc_testInc_byStatus_passed_PASS4_details')">testInc({Name=XYZ, IncAmt=300, Runmode=Y})</a>
               </td>
               <td nowrap="true">13:02:39</td>
               <td nowrap="true" align="right">0 ms
                  
               </td>
               <td nowrap="true">
                   
                  
               </td>
            </tr>
            <tr>
               <td colspan="4" class="detailsBox">
                  <div id="com.qtpselenium.mobile.hybrid.TestInc_testInc_byStatus_passed_PASS4_details"
                       class="testMethodDetails">
                     <div>
                        <b>Name: </b>testInc
                     </div>
                     <div>
                        <b>Signature: </b>testInc(java.util.Hashtable)[pri:0, instance:com.qtpselenium.mobile.hybrid.TestInc@2df3b89c]
                     </div>
                     <div>
                        <b>Parameters: </b>
                        
                        {Name=XYZ, IncAmt=300, Runmode=Y}
                        
                        
                     </div>
                     <div>
                        <b>Start time: </b>13:02:39
                     </div>
                     <div>
                        <b>End time: </b>13:02:39
                     </div>
                     <div>
                        <b>Duration: </b>0 ms
                        
                     </div>
                  </div>
               </td>
            </tr>
            <tr></tr>
            <tr id="com.qtpselenium.mobile.hybrid.TestInc_quit_byStatus_passed_PASS5_row"
                class="testMethodStatusPASS testMethodStatusCONF">
               <td width="100%" class="firstMethodCell">
                  <a onclick="toggleDetailsVisibility('com.qtpselenium.mobile.hybrid.TestInc_quit_byStatus_passed_PASS5_details')">quit()</a>
               </td>
               <td nowrap="true">13:02:39</td>
               <td nowrap="true" align="right">20 ms
                  
               </td>
               <td nowrap="true">
                   
                  
               </td>
            </tr>
            <tr>
               <td colspan="4" class="detailsBox">
                  <div id="com.qtpselenium.mobile.hybrid.TestInc_quit_byStatus_passed_PASS5_details"
                       class="testMethodDetails">
                     <div>
                        <b>Name: </b>quit
                     </div>
                     <div>
                        <b>Signature: </b>quit()[pri:0, instance:com.qtpselenium.mobile.hybrid.TestInc@2df3b89c]
                     </div>
                     <div>
                        <b>Start time: </b>13:02:39
                     </div>
                     <div>
                        <b>End time: </b>13:02:39
                     </div>
                     <div>
                        <b>Duration: </b>20 ms
                        
                     </div>
                  </div>
               </td>
            </tr>
            <tr></tr>
            <tr id="com.qtpselenium.mobile.hybrid.SampleTest_testApp_byStatus_skiped_SKIP1_row"
                class="testMethodStatusSKIP">
               <td width="100%" class="firstMethodCell">
                  <a onclick="toggleDetailsVisibility('com.qtpselenium.mobile.hybrid.SampleTest_testApp_byStatus_skiped_SKIP1_details')">testApp({Amount=200, ExpResult=Success, Runmode=N})</a>
               </td>
               <td nowrap="true">13:02:39</td>
               <td nowrap="true" align="right">0 ms
                  
               </td>
               <td nowrap="true">
                  <a onclick="toggleDetailsVisibility('com.qtpselenium.mobile.hybrid.SampleTest_testApp_byStatus_skiped_SKIP1_exception')">org.testng.SkipException: 
                     Skipping the test as runmode is NO
                     
                  </a>
                   
                  
               </td>
            </tr>
            <tr>
               <td colspan="4" class="detailsBox">
                  <div id="com.qtpselenium.mobile.hybrid.SampleTest_testApp_byStatus_skiped_SKIP1_details"
                       class="testMethodDetails">
                     <div>
                        <b>Name: </b>testApp
                     </div>
                     <div>
                        <b>Signature: </b>testApp(java.util.Hashtable)[pri:0, instance:com.qtpselenium.mobile.hybrid.SampleTest@40a4337a]
                     </div>
                     <div>
                        <b>Parameters: </b>
                        
                        {Amount=200, ExpResult=Success, Runmode=N}
                        
                        
                     </div>
                     <div>
                        <b>Start time: </b>13:02:39
                     </div>
                     <div>
                        <b>End time: </b>13:02:39
                     </div>
                     <div>
                        <b>Duration: </b>0 ms
                        
                     </div>
                  </div>
               </td>
            </tr>
            <tr>
               <td colspan="4" class="detailsBox">
                  <div id="com.qtpselenium.mobile.hybrid.SampleTest_testApp_byStatus_skiped_SKIP1_exception"
                       class="testMethodDetails">
                     <pre style="padding: 5px; margin: 0;">org.testng.SkipException: Skipping the test as runmode is NO
                        	at com.qtpselenium.mobile.hybrid.SampleTest.testApp(SampleTest.java:35)
                        	at sun.reflect.NativeMethodAccessorImpl.invoke0(Native Method)
                        	at sun.reflect.NativeMethodAccessorImpl.invoke(NativeMethodAccessorImpl.java:62)
                        	at sun.reflect.DelegatingMethodAccessorImpl.invoke(DelegatingMethodAccessorImpl.java:43)
                        	at java.lang.reflect.Method.invoke(Method.java:483)
                        	at org.testng.internal.MethodInvocationHelper.invokeMethod(MethodInvocationHelper.java:85)
                        	at org.testng.internal.Invoker.invokeMethod(Invoker.java:639)
                        	at org.testng.internal.Invoker.invokeTestMethod(Invoker.java:816)
                        	at org.testng.internal.Invoker.invokeTestMethods(Invoker.java:1124)
                        	at org.testng.internal.TestMethodWorker.invokeTestMethods(TestMethodWorker.java:125)
                        	at org.testng.internal.TestMethodWorker.run(TestMethodWorker.java:108)
                        	at org.testng.TestRunner.privateRun(TestRunner.java:774)
                        	at org.testng.TestRunner.run(TestRunner.java:624)
                        	at org.testng.SuiteRunner.runTest(SuiteRunner.java:359)
                        	at org.testng.SuiteRunner.runSequentially(SuiteRunner.java:354)
                        	at org.testng.SuiteRunner.privateRun(SuiteRunner.java:312)
                        	at org.testng.SuiteRunner.run(SuiteRunner.java:261)
                        	at org.testng.SuiteRunnerWorker.runSuite(SuiteRunnerWorker.java:52)
                        	at org.testng.SuiteRunnerWorker.run(SuiteRunnerWorker.java:86)
                        	at org.testng.TestNG.runSuitesSequentially(TestNG.java:1215)
                        	at org.testng.TestNG.runSuitesLocally(TestNG.java:1140)
                        	at org.testng.TestNG.run(TestNG.java:1048)
                        	at org.testng.TestNG.privateMain(TestNG.java:1355)
                        	at org.testng.TestNG.main(TestNG.java:1324)
                     </pre>
                  </div>
               </td>
            </tr>
            <tr id="com.qtpselenium.mobile.hybrid.TestExp_testExp_byStatus_skiped_SKIP2_row"
                class="testMethodStatusSKIP">
               <td width="100%" class="firstMethodCell">
                  <a onclick="toggleDetailsVisibility('com.qtpselenium.mobile.hybrid.TestExp_testExp_byStatus_skiped_SKIP2_details')">testExp({Name=XYZ, ExpAmt=300, Runmode=N})</a>
               </td>
               <td nowrap="true">13:02:39</td>
               <td nowrap="true" align="right">0 ms
                  
               </td>
               <td nowrap="true">
                  <a onclick="toggleDetailsVisibility('com.qtpselenium.mobile.hybrid.TestExp_testExp_byStatus_skiped_SKIP2_exception')">org.testng.SkipException: 
                     Skipping the test as runmode is NO
                     
                  </a>
                   
                  
               </td>
            </tr>
            <tr>
               <td colspan="4" class="detailsBox">
                  <div id="com.qtpselenium.mobile.hybrid.TestExp_testExp_byStatus_skiped_SKIP2_details"
                       class="testMethodDetails">
                     <div>
                        <b>Name: </b>testExp
                     </div>
                     <div>
                        <b>Signature: </b>testExp(java.util.Hashtable)[pri:0, instance:com.qtpselenium.mobile.hybrid.TestExp@40005471]
                     </div>
                     <div>
                        <b>Parameters: </b>
                        
                        {Name=XYZ, ExpAmt=300, Runmode=N}
                        
                        
                     </div>
                     <div>
                        <b>Start time: </b>13:02:39
                     </div>
                     <div>
                        <b>End time: </b>13:02:39
                     </div>
                     <div>
                        <b>Duration: </b>0 ms
                        
                     </div>
                  </div>
               </td>
            </tr>
            <tr>
               <td colspan="4" class="detailsBox">
                  <div id="com.qtpselenium.mobile.hybrid.TestExp_testExp_byStatus_skiped_SKIP2_exception"
                       class="testMethodDetails">
                     <pre style="padding: 5px; margin: 0;">org.testng.SkipException: Skipping the test as runmode is NO
                        	at com.qtpselenium.mobile.hybrid.TestExp.testExp(TestExp.java:36)
                        	at sun.reflect.NativeMethodAccessorImpl.invoke0(Native Method)
                        	at sun.reflect.NativeMethodAccessorImpl.invoke(NativeMethodAccessorImpl.java:62)
                        	at sun.reflect.DelegatingMethodAccessorImpl.invoke(DelegatingMethodAccessorImpl.java:43)
                        	at java.lang.reflect.Method.invoke(Method.java:483)
                        	at org.testng.internal.MethodInvocationHelper.invokeMethod(MethodInvocationHelper.java:85)
                        	at org.testng.internal.Invoker.invokeMethod(Invoker.java:639)
                        	at org.testng.internal.Invoker.invokeTestMethod(Invoker.java:816)
                        	at org.testng.internal.Invoker.invokeTestMethods(Invoker.java:1124)
                        	at org.testng.internal.TestMethodWorker.invokeTestMethods(TestMethodWorker.java:125)
                        	at org.testng.internal.TestMethodWorker.run(TestMethodWorker.java:108)
                        	at org.testng.TestRunner.privateRun(TestRunner.java:774)
                        	at org.testng.TestRunner.run(TestRunner.java:624)
                        	at org.testng.SuiteRunner.runTest(SuiteRunner.java:359)
                        	at org.testng.SuiteRunner.runSequentially(SuiteRunner.java:354)
                        	at org.testng.SuiteRunner.privateRun(SuiteRunner.java:312)
                        	at org.testng.SuiteRunner.run(SuiteRunner.java:261)
                        	at org.testng.SuiteRunnerWorker.runSuite(SuiteRunnerWorker.java:52)
                        	at org.testng.SuiteRunnerWorker.run(SuiteRunnerWorker.java:86)
                        	at org.testng.TestNG.runSuitesSequentially(TestNG.java:1215)
                        	at org.testng.TestNG.runSuitesLocally(TestNG.java:1140)
                        	at org.testng.TestNG.run(TestNG.java:1048)
                        	at org.testng.TestNG.privateMain(TestNG.java:1355)
                        	at org.testng.TestNG.main(TestNG.java:1324)
                     </pre>
                  </div>
               </td>
            </tr>
         </table>
      </div>
      <div id="testMethodsByClass" style="display: none;">
         <table class="testMethodsTable" cellpadding="0" cellspacing="0">
            <tr>
               <td colspan="4">
                  <h3 style="display: inline;">com.qtpselenium.mobile.hybrid.SampleTest</h3>
               </td>
            </tr>
            <tr class="methodsTableHeader">
               <td width="100%">Name</td>
               <td nowrap="true">Started</td>
               <td nowrap="true">Duration</td>
               <td>Exception</td>
            </tr>
            <tr id="com.qtpselenium.mobile.hybrid.SampleTest_testApp_byClass_FAIL1_row"
                class="testMethodStatusFAIL">
               <td width="100%" class="firstMethodCell">
                  <a onclick="toggleDetailsVisibility('com.qtpselenium.mobile.hybrid.SampleTest_testApp_byClass_FAIL1_details')">testApp({Amount=100, ExpResult=Success, Runmode=Y})</a>
               </td>
               <td nowrap="true">13:02:38</td>
               <td nowrap="true" align="right">410 ms
                  
               </td>
               <td nowrap="true">
                  <a onclick="toggleDetailsVisibility('com.qtpselenium.mobile.hybrid.SampleTest_testApp_byClass_FAIL1_exception')">java.lang.AssertionError: 
                     Driver failed to start - A new session could not be created. (Original error: Requested a new session but one was in progress)
                     (WARNING: The server did not provide any stacktrace information)
                     Command duration or timeout: 150 milliseconds
                     Build info: version: '2.52.0', revision: '4c2593c', time: '2016-02-11 19:06:42'
                     System info: host: 'a-PC', ip: '192.168.1.111', os.name: 'Windows 7', os.arch: 'amd64', os.version: '6.1', java.version: '1.8.0_05'
                     Driver info: io.appium.java_client.android.AndroidDriver
                     
                  </a>
                   
                  
               </td>
            </tr>
            <tr>
               <td colspan="4" class="detailsBox">
                  <div id="com.qtpselenium.mobile.hybrid.SampleTest_testApp_byClass_FAIL1_details"
                       class="testMethodDetails">
                     <div>
                        <b>Name: </b>testApp
                     </div>
                     <div>
                        <b>Signature: </b>testApp(java.util.Hashtable)[pri:0, instance:com.qtpselenium.mobile.hybrid.SampleTest@40a4337a]
                     </div>
                     <div>
                        <b>Parameters: </b>
                        
                        {Amount=100, ExpResult=Success, Runmode=Y}
                        
                        
                     </div>
                     <div>
                        <b>Start time: </b>13:02:38
                     </div>
                     <div>
                        <b>End time: </b>13:02:39
                     </div>
                     <div>
                        <b>Duration: </b>410 ms
                        
                     </div>
                  </div>
               </td>
            </tr>
            <tr>
               <td colspan="4" class="detailsBox">
                  <div id="com.qtpselenium.mobile.hybrid.SampleTest_testApp_byClass_FAIL1_exception"
                       class="testMethodDetails">
                     <pre style="padding: 5px; margin: 0;">java.lang.AssertionError: Driver failed to start - A new session could not be created. (Original error: Requested a new session
                        but one was in progress) (WARNING: The server did not provide any stacktrace information)
                        Command duration or timeout: 150 milliseconds
                        Build info: version: '2.52.0', revision: '4c2593c', time: '2016-02-11 19:06:42'
                        System info: host: 'a-PC', ip: '192.168.1.111', os.name: 'Windows 7', os.arch: 'amd64', os.version: '6.1', java.version: '1.8.0_05'
                        Driver info: io.appium.java_client.android.AndroidDriver
                        	at org.testng.Assert.fail(Assert.java:94)
                        	at com.qtpselenium.mobile.hybrid.driver.GenericKeywords.openapp(GenericKeywords.java:67)
                        	at com.qtpselenium.mobile.hybrid.driver.DriverScript.executeKeywords(DriverScript.java:38)
                        	at com.qtpselenium.mobile.hybrid.SampleTest.testApp(SampleTest.java:39)
                        	at sun.reflect.NativeMethodAccessorImpl.invoke0(Native Method)
                        	at sun.reflect.NativeMethodAccessorImpl.invoke(NativeMethodAccessorImpl.java:62)
                        	at sun.reflect.DelegatingMethodAccessorImpl.invoke(DelegatingMethodAccessorImpl.java:43)
                        	at java.lang.reflect.Method.invoke(Method.java:483)
                        	at org.testng.internal.MethodInvocationHelper.invokeMethod(MethodInvocationHelper.java:85)
                        	at org.testng.internal.Invoker.invokeMethod(Invoker.java:639)
                        	at org.testng.internal.Invoker.invokeTestMethod(Invoker.java:816)
                        	at org.testng.internal.Invoker.invokeTestMethods(Invoker.java:1124)
                        	at org.testng.internal.TestMethodWorker.invokeTestMethods(TestMethodWorker.java:125)
                        	at org.testng.internal.TestMethodWorker.run(TestMethodWorker.java:108)
                        	at org.testng.TestRunner.privateRun(TestRunner.java:774)
                        	at org.testng.TestRunner.run(TestRunner.java:624)
                        	at org.testng.SuiteRunner.runTest(SuiteRunner.java:359)
                        	at org.testng.SuiteRunner.runSequentially(SuiteRunner.java:354)
                        	at org.testng.SuiteRunner.privateRun(SuiteRunner.java:312)
                        	at org.testng.SuiteRunner.run(SuiteRunner.java:261)
                        	at org.testng.SuiteRunnerWorker.runSuite(SuiteRunnerWorker.java:52)
                        	at org.testng.SuiteRunnerWorker.run(SuiteRunnerWorker.java:86)
                        	at org.testng.TestNG.runSuitesSequentially(TestNG.java:1215)
                        	at org.testng.TestNG.runSuitesLocally(TestNG.java:1140)
                        	at org.testng.TestNG.run(TestNG.java:1048)
                        	at org.testng.TestNG.privateMain(TestNG.java:1355)
                        	at org.testng.TestNG.main(TestNG.java:1324)
                     </pre>
                  </div>
               </td>
            </tr>
            <tr id="com.qtpselenium.mobile.hybrid.SampleTest_quit_byClass_PASS2_row"
                class="testMethodStatusPASS testMethodStatusCONF">
               <td width="100%" class="firstMethodCell">
                  <a onclick="toggleDetailsVisibility('com.qtpselenium.mobile.hybrid.SampleTest_quit_byClass_PASS2_details')">quit()</a>
               </td>
               <td nowrap="true">13:02:39</td>
               <td nowrap="true" align="right">262 ms
                  
               </td>
               <td nowrap="true">
                   
                  
               </td>
            </tr>
            <tr>
               <td colspan="4" class="detailsBox">
                  <div id="com.qtpselenium.mobile.hybrid.SampleTest_quit_byClass_PASS2_details"
                       class="testMethodDetails">
                     <div>
                        <b>Name: </b>quit
                     </div>
                     <div>
                        <b>Signature: </b>quit()[pri:0, instance:com.qtpselenium.mobile.hybrid.SampleTest@40a4337a]
                     </div>
                     <div>
                        <b>Start time: </b>13:02:39
                     </div>
                     <div>
                        <b>End time: </b>13:02:39
                     </div>
                     <div>
                        <b>Duration: </b>262 ms
                        
                     </div>
                  </div>
               </td>
            </tr>
            <tr></tr>
            <tr id="com.qtpselenium.mobile.hybrid.SampleTest_testApp_byClass_SKIP3_row"
                class="testMethodStatusSKIP">
               <td width="100%" class="firstMethodCell">
                  <a onclick="toggleDetailsVisibility('com.qtpselenium.mobile.hybrid.SampleTest_testApp_byClass_SKIP3_details')">testApp({Amount=200, ExpResult=Success, Runmode=N})</a>
               </td>
               <td nowrap="true">13:02:39</td>
               <td nowrap="true" align="right">0 ms
                  
               </td>
               <td nowrap="true">
                  <a onclick="toggleDetailsVisibility('com.qtpselenium.mobile.hybrid.SampleTest_testApp_byClass_SKIP3_exception')">org.testng.SkipException: 
                     Skipping the test as runmode is NO
                     
                  </a>
                   
                  
               </td>
            </tr>
            <tr>
               <td colspan="4" class="detailsBox">
                  <div id="com.qtpselenium.mobile.hybrid.SampleTest_testApp_byClass_SKIP3_details"
                       class="testMethodDetails">
                     <div>
                        <b>Name: </b>testApp
                     </div>
                     <div>
                        <b>Signature: </b>testApp(java.util.Hashtable)[pri:0, instance:com.qtpselenium.mobile.hybrid.SampleTest@40a4337a]
                     </div>
                     <div>
                        <b>Parameters: </b>
                        
                        {Amount=200, ExpResult=Success, Runmode=N}
                        
                        
                     </div>
                     <div>
                        <b>Start time: </b>13:02:39
                     </div>
                     <div>
                        <b>End time: </b>13:02:39
                     </div>
                     <div>
                        <b>Duration: </b>0 ms
                        
                     </div>
                  </div>
               </td>
            </tr>
            <tr>
               <td colspan="4" class="detailsBox">
                  <div id="com.qtpselenium.mobile.hybrid.SampleTest_testApp_byClass_SKIP3_exception"
                       class="testMethodDetails">
                     <pre style="padding: 5px; margin: 0;">org.testng.SkipException: Skipping the test as runmode is NO
                        	at com.qtpselenium.mobile.hybrid.SampleTest.testApp(SampleTest.java:35)
                        	at sun.reflect.NativeMethodAccessorImpl.invoke0(Native Method)
                        	at sun.reflect.NativeMethodAccessorImpl.invoke(NativeMethodAccessorImpl.java:62)
                        	at sun.reflect.DelegatingMethodAccessorImpl.invoke(DelegatingMethodAccessorImpl.java:43)
                        	at java.lang.reflect.Method.invoke(Method.java:483)
                        	at org.testng.internal.MethodInvocationHelper.invokeMethod(MethodInvocationHelper.java:85)
                        	at org.testng.internal.Invoker.invokeMethod(Invoker.java:639)
                        	at org.testng.internal.Invoker.invokeTestMethod(Invoker.java:816)
                        	at org.testng.internal.Invoker.invokeTestMethods(Invoker.java:1124)
                        	at org.testng.internal.TestMethodWorker.invokeTestMethods(TestMethodWorker.java:125)
                        	at org.testng.internal.TestMethodWorker.run(TestMethodWorker.java:108)
                        	at org.testng.TestRunner.privateRun(TestRunner.java:774)
                        	at org.testng.TestRunner.run(TestRunner.java:624)
                        	at org.testng.SuiteRunner.runTest(SuiteRunner.java:359)
                        	at org.testng.SuiteRunner.runSequentially(SuiteRunner.java:354)
                        	at org.testng.SuiteRunner.privateRun(SuiteRunner.java:312)
                        	at org.testng.SuiteRunner.run(SuiteRunner.java:261)
                        	at org.testng.SuiteRunnerWorker.runSuite(SuiteRunnerWorker.java:52)
                        	at org.testng.SuiteRunnerWorker.run(SuiteRunnerWorker.java:86)
                        	at org.testng.TestNG.runSuitesSequentially(TestNG.java:1215)
                        	at org.testng.TestNG.runSuitesLocally(TestNG.java:1140)
                        	at org.testng.TestNG.run(TestNG.java:1048)
                        	at org.testng.TestNG.privateMain(TestNG.java:1355)
                        	at org.testng.TestNG.main(TestNG.java:1324)
                     </pre>
                  </div>
               </td>
            </tr>
            <tr id="com.qtpselenium.mobile.hybrid.SampleTest_quit_byClass_PASS4_row"
                class="testMethodStatusPASS testMethodStatusCONF">
               <td width="100%" class="firstMethodCell">
                  <a onclick="toggleDetailsVisibility('com.qtpselenium.mobile.hybrid.SampleTest_quit_byClass_PASS4_details')">quit()</a>
               </td>
               <td nowrap="true">13:02:39</td>
               <td nowrap="true" align="right">30 ms
                  
               </td>
               <td nowrap="true">
                   
                  
               </td>
            </tr>
            <tr>
               <td colspan="4" class="detailsBox">
                  <div id="com.qtpselenium.mobile.hybrid.SampleTest_quit_byClass_PASS4_details"
                       class="testMethodDetails">
                     <div>
                        <b>Name: </b>quit
                     </div>
                     <div>
                        <b>Signature: </b>quit()[pri:0, instance:com.qtpselenium.mobile.hybrid.SampleTest@40a4337a]
                     </div>
                     <div>
                        <b>Start time: </b>13:02:39
                     </div>
                     <div>
                        <b>End time: </b>13:02:39
                     </div>
                     <div>
                        <b>Duration: </b>30 ms
                        
                     </div>
                  </div>
               </td>
            </tr>
            <tr></tr>
         </table>
         <br></br>
         <table class="testMethodsTable" cellpadding="0" cellspacing="0">
            <tr>
               <td colspan="4">
                  <h3 style="display: inline;">com.qtpselenium.mobile.hybrid.TestExp</h3>
               </td>
            </tr>
            <tr class="methodsTableHeader">
               <td width="100%">Name</td>
               <td nowrap="true">Started</td>
               <td nowrap="true">Duration</td>
               <td>Exception</td>
            </tr>
            <tr id="com.qtpselenium.mobile.hybrid.TestExp_testExp_byClass_SKIP1_row"
                class="testMethodStatusSKIP">
               <td width="100%" class="firstMethodCell">
                  <a onclick="toggleDetailsVisibility('com.qtpselenium.mobile.hybrid.TestExp_testExp_byClass_SKIP1_details')">testExp({Name=XYZ, ExpAmt=300, Runmode=N})</a>
               </td>
               <td nowrap="true">13:02:39</td>
               <td nowrap="true" align="right">0 ms
                  
               </td>
               <td nowrap="true">
                  <a onclick="toggleDetailsVisibility('com.qtpselenium.mobile.hybrid.TestExp_testExp_byClass_SKIP1_exception')">org.testng.SkipException: 
                     Skipping the test as runmode is NO
                     
                  </a>
                   
                  
               </td>
            </tr>
            <tr>
               <td colspan="4" class="detailsBox">
                  <div id="com.qtpselenium.mobile.hybrid.TestExp_testExp_byClass_SKIP1_details"
                       class="testMethodDetails">
                     <div>
                        <b>Name: </b>testExp
                     </div>
                     <div>
                        <b>Signature: </b>testExp(java.util.Hashtable)[pri:0, instance:com.qtpselenium.mobile.hybrid.TestExp@40005471]
                     </div>
                     <div>
                        <b>Parameters: </b>
                        
                        {Name=XYZ, ExpAmt=300, Runmode=N}
                        
                        
                     </div>
                     <div>
                        <b>Start time: </b>13:02:39
                     </div>
                     <div>
                        <b>End time: </b>13:02:39
                     </div>
                     <div>
                        <b>Duration: </b>0 ms
                        
                     </div>
                  </div>
               </td>
            </tr>
            <tr>
               <td colspan="4" class="detailsBox">
                  <div id="com.qtpselenium.mobile.hybrid.TestExp_testExp_byClass_SKIP1_exception"
                       class="testMethodDetails">
                     <pre style="padding: 5px; margin: 0;">org.testng.SkipException: Skipping the test as runmode is NO
                        	at com.qtpselenium.mobile.hybrid.TestExp.testExp(TestExp.java:36)
                        	at sun.reflect.NativeMethodAccessorImpl.invoke0(Native Method)
                        	at sun.reflect.NativeMethodAccessorImpl.invoke(NativeMethodAccessorImpl.java:62)
                        	at sun.reflect.DelegatingMethodAccessorImpl.invoke(DelegatingMethodAccessorImpl.java:43)
                        	at java.lang.reflect.Method.invoke(Method.java:483)
                        	at org.testng.internal.MethodInvocationHelper.invokeMethod(MethodInvocationHelper.java:85)
                        	at org.testng.internal.Invoker.invokeMethod(Invoker.java:639)
                        	at org.testng.internal.Invoker.invokeTestMethod(Invoker.java:816)
                        	at org.testng.internal.Invoker.invokeTestMethods(Invoker.java:1124)
                        	at org.testng.internal.TestMethodWorker.invokeTestMethods(TestMethodWorker.java:125)
                        	at org.testng.internal.TestMethodWorker.run(TestMethodWorker.java:108)
                        	at org.testng.TestRunner.privateRun(TestRunner.java:774)
                        	at org.testng.TestRunner.run(TestRunner.java:624)
                        	at org.testng.SuiteRunner.runTest(SuiteRunner.java:359)
                        	at org.testng.SuiteRunner.runSequentially(SuiteRunner.java:354)
                        	at org.testng.SuiteRunner.privateRun(SuiteRunner.java:312)
                        	at org.testng.SuiteRunner.run(SuiteRunner.java:261)
                        	at org.testng.SuiteRunnerWorker.runSuite(SuiteRunnerWorker.java:52)
                        	at org.testng.SuiteRunnerWorker.run(SuiteRunnerWorker.java:86)
                        	at org.testng.TestNG.runSuitesSequentially(TestNG.java:1215)
                        	at org.testng.TestNG.runSuitesLocally(TestNG.java:1140)
                        	at org.testng.TestNG.run(TestNG.java:1048)
                        	at org.testng.TestNG.privateMain(TestNG.java:1355)
                        	at org.testng.TestNG.main(TestNG.java:1324)
                     </pre>
                  </div>
               </td>
            </tr>
            <tr id="com.qtpselenium.mobile.hybrid.TestExp_quit_byClass_PASS2_row"
                class="testMethodStatusPASS testMethodStatusCONF">
               <td width="100%" class="firstMethodCell">
                  <a onclick="toggleDetailsVisibility('com.qtpselenium.mobile.hybrid.TestExp_quit_byClass_PASS2_details')">quit()</a>
               </td>
               <td nowrap="true">13:02:39</td>
               <td nowrap="true" align="right">30 ms
                  
               </td>
               <td nowrap="true">
                   
                  
               </td>
            </tr>
            <tr>
               <td colspan="4" class="detailsBox">
                  <div id="com.qtpselenium.mobile.hybrid.TestExp_quit_byClass_PASS2_details"
                       class="testMethodDetails">
                     <div>
                        <b>Name: </b>quit
                     </div>
                     <div>
                        <b>Signature: </b>quit()[pri:0, instance:com.qtpselenium.mobile.hybrid.TestExp@40005471]
                     </div>
                     <div>
                        <b>Start time: </b>13:02:39
                     </div>
                     <div>
                        <b>End time: </b>13:02:39
                     </div>
                     <div>
                        <b>Duration: </b>30 ms
                        
                     </div>
                  </div>
               </td>
            </tr>
            <tr></tr>
         </table>
         <br></br>
         <table class="testMethodsTable" cellpadding="0" cellspacing="0">
            <tr>
               <td colspan="4">
                  <h3 style="display: inline;">com.qtpselenium.mobile.hybrid.TestInc</h3>
               </td>
            </tr>
            <tr class="methodsTableHeader">
               <td width="100%">Name</td>
               <td nowrap="true">Started</td>
               <td nowrap="true">Duration</td>
               <td>Exception</td>
            </tr>
            <tr id="com.qtpselenium.mobile.hybrid.TestInc_testInc_byClass_PASS1_row"
                class="testMethodStatusPASS">
               <td width="100%" class="firstMethodCell">
                  <a onclick="toggleDetailsVisibility('com.qtpselenium.mobile.hybrid.TestInc_testInc_byClass_PASS1_details')">testInc({Name=XYZ, IncAmt=300, Runmode=Y})</a>
               </td>
               <td nowrap="true">13:02:39</td>
               <td nowrap="true" align="right">0 ms
                  
               </td>
               <td nowrap="true">
                   
                  
               </td>
            </tr>
            <tr>
               <td colspan="4" class="detailsBox">
                  <div id="com.qtpselenium.mobile.hybrid.TestInc_testInc_byClass_PASS1_details"
                       class="testMethodDetails">
                     <div>
                        <b>Name: </b>testInc
                     </div>
                     <div>
                        <b>Signature: </b>testInc(java.util.Hashtable)[pri:0, instance:com.qtpselenium.mobile.hybrid.TestInc@2df3b89c]
                     </div>
                     <div>
                        <b>Parameters: </b>
                        
                        {Name=XYZ, IncAmt=300, Runmode=Y}
                        
                        
                     </div>
                     <div>
                        <b>Start time: </b>13:02:39
                     </div>
                     <div>
                        <b>End time: </b>13:02:39
                     </div>
                     <div>
                        <b>Duration: </b>0 ms
                        
                     </div>
                  </div>
               </td>
            </tr>
            <tr></tr>
            <tr id="com.qtpselenium.mobile.hybrid.TestInc_quit_byClass_PASS2_row"
                class="testMethodStatusPASS testMethodStatusCONF">
               <td width="100%" class="firstMethodCell">
                  <a onclick="toggleDetailsVisibility('com.qtpselenium.mobile.hybrid.TestInc_quit_byClass_PASS2_details')">quit()</a>
               </td>
               <td nowrap="true">13:02:39</td>
               <td nowrap="true" align="right">20 ms
                  
               </td>
               <td nowrap="true">
                   
                  
               </td>
            </tr>
            <tr>
               <td colspan="4" class="detailsBox">
                  <div id="com.qtpselenium.mobile.hybrid.TestInc_quit_byClass_PASS2_details"
                       class="testMethodDetails">
                     <div>
                        <b>Name: </b>quit
                     </div>
                     <div>
                        <b>Signature: </b>quit()[pri:0, instance:com.qtpselenium.mobile.hybrid.TestInc@2df3b89c]
                     </div>
                     <div>
                        <b>Start time: </b>13:02:39
                     </div>
                     <div>
                        <b>End time: </b>13:02:39
                     </div>
                     <div>
                        <b>Duration: </b>20 ms
                        
                     </div>
                  </div>
               </td>
            </tr>
            <tr></tr>
         </table>
         <br></br>
      </div>
      <div style="margin-top: 15px; color: gray; text-align: center; font-size: 9px;">
         Generated with
         
         <a href="http://code.google.com/p/testng-xslt/" style="color: #8888aa;"
            target="_blank">
            TestNG XSLT
            
         </a>
      </div>
   </body>
</html>