<?xml version="1.0" encoding="UTF-8"?>
<!-- Generated by org.testng.reporters.JUnitReportReporter -->
<testsuite skipped="0" hostname="KPs-MacBook-Air.local" name="com.mobile.ragression.ModProRegressionTests01to06" tests="7" failures="1" timestamp="03 Oct 2019 22:19:35 GMT" time="432.535" errors="0">
  <testcase name="OpenApp" time="238.632" classname="com.mobile.ragression.ModProRegressionTests01to06"/>
  <testcase name="ModProRegScenario1" time="82.046" classname="com.mobile.ragression.ModProRegressionTests01to06"/>
  <testcase name="ModProRegScenario2" time="47.480" classname="com.mobile.ragression.ModProRegressionTests01to06"/>
  <testcase name="ModProRegScenario3" time="33.635" classname="com.mobile.ragression.ModProRegressionTests01to06"/>
  <testcase name="ModProRegScenario4" time="14.010" classname="com.mobile.ragression.ModProRegressionTests01to06"/>
  <testcase name="ModProRegScenario5" time="15.030" classname="com.mobile.ragression.ModProRegressionTests01to06"/>
  <testcase name="ModProRegScenario6" time="1.702" classname="com.mobile.ragression.ModProRegressionTests01to06">
    <failure type="java.lang.AssertionError" message="Region_aid - Element should not present">
      <![CDATA[java.lang.AssertionError: Region_aid - Element should not present
at org.testng.Assert.fail(Assert.java:96)
at com.mobile.datamanage.config.BaseTest.reportFailure(BaseTest.java:389)
at com.mobile.datamanage.config.BaseTest.verifyElementAbsent(BaseTest.java:338)
at com.mobile.ragression.ModProRegressionTests01to06.ModProRegScenario6(ModProRegressionTests01to06.java:293)
at sun.reflect.NativeMethodAccessorImpl.invoke0(Native Method)
at sun.reflect.NativeMethodAccessorImpl.invoke(NativeMethodAccessorImpl.java:62)
at sun.reflect.DelegatingMethodAccessorImpl.invoke(DelegatingMethodAccessorImpl.java:43)
at java.lang.reflect.Method.invoke(Method.java:498)
at org.testng.internal.MethodInvocationHelper.invokeMethod(MethodInvocationHelper.java:124)
at org.testng.internal.Invoker.invokeMethod(Invoker.java:580)
at org.testng.internal.Invoker.invokeTestMethod(Invoker.java:716)
at org.testng.internal.Invoker.invokeTestMethods(Invoker.java:988)
at org.testng.internal.TestMethodWorker.invokeTestMethods(TestMethodWorker.java:125)
at org.testng.internal.TestMethodWorker.run(TestMethodWorker.java:109)
at org.testng.TestRunner.privateRun(TestRunner.java:648)
at org.testng.TestRunner.run(TestRunner.java:505)
at org.testng.SuiteRunner.runTest(SuiteRunner.java:455)
at org.testng.SuiteRunner.runSequentially(SuiteRunner.java:450)
at org.testng.SuiteRunner.privateRun(SuiteRunner.java:415)
at org.testng.SuiteRunner.run(SuiteRunner.java:364)
at org.testng.SuiteRunnerWorker.runSuite(SuiteRunnerWorker.java:52)
at org.testng.SuiteRunnerWorker.run(SuiteRunnerWorker.java:84)
at org.testng.TestNG.runSuitesSequentially(TestNG.java:1208)
at org.testng.TestNG.runSuitesLocally(TestNG.java:1137)
at org.testng.TestNG.runSuites(TestNG.java:1049)
at org.testng.TestNG.run(TestNG.java:1017)
at org.testng.remote.AbstractRemoteTestNG.run(AbstractRemoteTestNG.java:114)
at org.testng.remote.RemoteTestNG.initAndRun(RemoteTestNG.java:251)
at org.testng.remote.RemoteTestNG.main(RemoteTestNG.java:77)
]]>
    </failure>
  </testcase> <!-- ModProRegScenario6 -->
</testsuite> <!-- com.mobile.ragression.ModProRegressionTests01to06 -->
