<?xml version="1.0" encoding="UTF-8"?>
<!-- Generated by org.testng.reporters.JUnitReportReporter -->
<testsuite skipped="0" hostname="KPs-MacBook-Air.local" name="com.mobile.ragression.ModProRegressionTests31to36" tests="7" failures="2" timestamp="07 Jun 2019 20:24:09 GMT" time="317.850" errors="1">
  <testcase name="OpenApp" time="148.804" classname="com.mobile.ragression.ModProRegressionTests31to36"/>
  <testcase name="ModProRegScenario31" time="21.878" classname="com.mobile.ragression.ModProRegressionTests31to36">
    <failure type="java.lang.AssertionError" message="Test failed - An element could not be located on the page using the given search parameters.
For documentation on this error, please visit: https://www.seleniumhq.org/exceptions/no_such_element.html
Build info: version: &#039;3.141.59&#039;, revision: &#039;e82be7d358&#039;, time: &#039;2018-11-14T08:17:03&#039;
System info: host: &#039;KPs-MacBook-Air.local&#039;, ip: &#039;fe80:0:0:0:180b:d69a:5eed:5753%en0&#039;, os.name: &#039;Mac OS X&#039;, os.arch: &#039;x86_64&#039;, os.version: &#039;10.14.4&#039;, java.version: &#039;1.8.0_201&#039;
Driver info: io.appium.java_client.ios.IOSDriver
Capabilities {app: /Users/KPatel/desktop/Usefu..., autoGrantPermissions: true, automationName: XCUITest, browserName: , databaseEnabled: false, deviceName: iPad, javascriptEnabled: true, locationContextEnabled: false, networkConnectionEnabled: false, noReset: false, platform: MAC, platformName: iOS, platformVersion: 12.2, takesScreenshot: true, udid: 51374c6ffa892bda089f11d0a63..., webStorageEnabled: false}
Session ID: 46995ff2-91cc-49ca-b64f-bf6027e36474
*** Element info: {Using=accessibility id, value=Region:}">
      <![CDATA[java.lang.AssertionError: Test failed - An element could not be located on the page using the given search parameters.
For documentation on this error, please visit: https://www.seleniumhq.org/exceptions/no_such_element.html
Build info: version: '3.141.59', revision: 'e82be7d358', time: '2018-11-14T08:17:03'
System info: host: 'KPs-MacBook-Air.local', ip: 'fe80:0:0:0:180b:d69a:5eed:5753%en0', os.name: 'Mac OS X', os.arch: 'x86_64', os.version: '10.14.4', java.version: '1.8.0_201'
Driver info: io.appium.java_client.ios.IOSDriver
Capabilities {app: /Users/KPatel/desktop/Usefu..., autoGrantPermissions: true, automationName: XCUITest, browserName: , databaseEnabled: false, deviceName: iPad, javascriptEnabled: true, locationContextEnabled: false, networkConnectionEnabled: false, noReset: false, platform: MAC, platformName: iOS, platformVersion: 12.2, takesScreenshot: true, udid: 51374c6ffa892bda089f11d0a63..., webStorageEnabled: false}
Session ID: 46995ff2-91cc-49ca-b64f-bf6027e36474
*** Element info: {Using=accessibility id, value=Region:}
at org.testng.Assert.fail(Assert.java:96)
at com.mobile.datamanage.config.BaseTest.reportFailure(BaseTest.java:349)
at com.mobile.datamanage.config.BaseTest.IgetElement(BaseTest.java:275)
at com.mobile.datamanage.config.BaseTest.IElementDisplayed(BaseTest.java:159)
at com.mobile.ragression.ModProRegressionTests31to36.ModProRegScenario31(ModProRegressionTests31to36.java:154)
at sun.reflect.NativeMethodAccessorImpl.invoke0(Native Method)
at sun.reflect.NativeMethodAccessorImpl.invoke(NativeMethodAccessorImpl.java:62)
at sun.reflect.DelegatingMethodAccessorImpl.invoke(DelegatingMethodAccessorImpl.java:43)
at java.lang.reflect.Method.invoke(Method.java:498)
at org.testng.internal.MethodInvocationHelper.invokeMethod(MethodInvocationHelper.java:124)
at org.testng.internal.Invoker.invokeMethod(Invoker.java:580)
at org.testng.internal.Invoker.invokeTestMethod(Invoker.java:716)
at org.testng.internal.Invoker.invokeTestMethods(Invoker.java:988)
at org.testng.internal.TestMethodWorker.invokeTestMethods(TestMethodWorker.java:125)
at org.testng.internal.TestMethodWorker.run(TestMethodWorker.java:109)
at org.testng.TestRunner.privateRun(TestRunner.java:648)
at org.testng.TestRunner.run(TestRunner.java:505)
at org.testng.SuiteRunner.runTest(SuiteRunner.java:455)
at org.testng.SuiteRunner.runSequentially(SuiteRunner.java:450)
at org.testng.SuiteRunner.privateRun(SuiteRunner.java:415)
at org.testng.SuiteRunner.run(SuiteRunner.java:364)
at org.testng.SuiteRunnerWorker.runSuite(SuiteRunnerWorker.java:52)
at org.testng.SuiteRunnerWorker.run(SuiteRunnerWorker.java:84)
at org.testng.TestNG.runSuitesSequentially(TestNG.java:1208)
at org.testng.TestNG.runSuitesLocally(TestNG.java:1137)
at org.testng.TestNG.runSuites(TestNG.java:1049)
at org.testng.TestNG.run(TestNG.java:1017)
at org.testng.remote.AbstractRemoteTestNG.run(AbstractRemoteTestNG.java:114)
at org.testng.remote.RemoteTestNG.initAndRun(RemoteTestNG.java:251)
at org.testng.remote.RemoteTestNG.main(RemoteTestNG.java:77)
]]>
    </failure>
  </testcase> <!-- ModProRegScenario31 -->
  <testcase name="ModProRegScenario32" time="73.475" classname="com.mobile.ragression.ModProRegressionTests31to36">
    <error type="org.openqa.selenium.NoSuchElementException" message="An element could not be located on the page using the given search parameters.
For documentation on this error, please visit: https://www.seleniumhq.org/exceptions/no_such_element.html
Build info: version: &#039;3.141.59&#039;, revision: &#039;e82be7d358&#039;, time: &#039;2018-11-14T08:17:03&#039;
System info: host: &#039;KPs-MacBook-Air.local&#039;, ip: &#039;fe80:0:0:0:180b:d69a:5eed:5753%en0&#039;, os.name: &#039;Mac OS X&#039;, os.arch: &#039;x86_64&#039;, os.version: &#039;10.14.4&#039;, java.version: &#039;1.8.0_201&#039;
Driver info: io.appium.java_client.ios.IOSDriver
Capabilities {app: /Users/KPatel/desktop/Usefu..., autoGrantPermissions: true, automationName: XCUITest, browserName: , databaseEnabled: false, deviceName: iPad, javascriptEnabled: true, locationContextEnabled: false, networkConnectionEnabled: false, noReset: false, platform: MAC, platformName: iOS, platformVersion: 12.2, takesScreenshot: true, udid: 51374c6ffa892bda089f11d0a63..., webStorageEnabled: false}
Session ID: 46995ff2-91cc-49ca-b64f-bf6027e36474
*** Element info: {Using=xpath, value=//XCUIElementTypeSheet[@name=&quot;Division&quot;]}">
      <![CDATA[org.openqa.selenium.NoSuchElementException: An element could not be located on the page using the given search parameters.
For documentation on this error, please visit: https://www.seleniumhq.org/exceptions/no_such_element.html
Build info: version: '3.141.59', revision: 'e82be7d358', time: '2018-11-14T08:17:03'
System info: host: 'KPs-MacBook-Air.local', ip: 'fe80:0:0:0:180b:d69a:5eed:5753%en0', os.name: 'Mac OS X', os.arch: 'x86_64', os.version: '10.14.4', java.version: '1.8.0_201'
Driver info: io.appium.java_client.ios.IOSDriver
Capabilities {app: /Users/KPatel/desktop/Usefu..., autoGrantPermissions: true, automationName: XCUITest, browserName: , databaseEnabled: false, deviceName: iPad, javascriptEnabled: true, locationContextEnabled: false, networkConnectionEnabled: false, noReset: false, platform: MAC, platformName: iOS, platformVersion: 12.2, takesScreenshot: true, udid: 51374c6ffa892bda089f11d0a63..., webStorageEnabled: false}
Session ID: 46995ff2-91cc-49ca-b64f-bf6027e36474
*** Element info: {Using=xpath, value=//XCUIElementTypeSheet[@name="Division"]}
at sun.reflect.NativeConstructorAccessorImpl.newInstance0(Native Method)
at sun.reflect.NativeConstructorAccessorImpl.newInstance(NativeConstructorAccessorImpl.java:62)
at sun.reflect.DelegatingConstructorAccessorImpl.newInstance(DelegatingConstructorAccessorImpl.java:45)
at java.lang.reflect.Constructor.newInstance(Constructor.java:423)
at org.openqa.selenium.remote.http.W3CHttpResponseCodec.createException(W3CHttpResponseCodec.java:187)
at org.openqa.selenium.remote.http.W3CHttpResponseCodec.decode(W3CHttpResponseCodec.java:122)
at org.openqa.selenium.remote.http.W3CHttpResponseCodec.decode(W3CHttpResponseCodec.java:49)
at org.openqa.selenium.remote.HttpCommandExecutor.execute(HttpCommandExecutor.java:158)
at io.appium.java_client.remote.AppiumCommandExecutor.execute(AppiumCommandExecutor.java:231)
at org.openqa.selenium.remote.RemoteWebDriver.execute(RemoteWebDriver.java:552)
at io.appium.java_client.DefaultGenericMobileDriver.execute(DefaultGenericMobileDriver.java:42)
at io.appium.java_client.AppiumDriver.execute(AppiumDriver.java:1)
at io.appium.java_client.ios.IOSDriver.execute(IOSDriver.java:1)
at org.openqa.selenium.remote.RemoteWebDriver.findElement(RemoteWebDriver.java:323)
at io.appium.java_client.DefaultGenericMobileDriver.findElement(DefaultGenericMobileDriver.java:62)
at io.appium.java_client.AppiumDriver.findElement(AppiumDriver.java:1)
at io.appium.java_client.ios.IOSDriver.findElement(IOSDriver.java:1)
at org.openqa.selenium.remote.RemoteWebDriver.findElementByXPath(RemoteWebDriver.java:428)
at io.appium.java_client.DefaultGenericMobileDriver.findElementByXPath(DefaultGenericMobileDriver.java:152)
at io.appium.java_client.AppiumDriver.findElementByXPath(AppiumDriver.java:1)
at io.appium.java_client.ios.IOSDriver.findElementByXPath(IOSDriver.java:1)
at org.openqa.selenium.By$ByXPath.findElement(By.java:353)
at org.openqa.selenium.remote.RemoteWebDriver.findElement(RemoteWebDriver.java:315)
at io.appium.java_client.DefaultGenericMobileDriver.findElement(DefaultGenericMobileDriver.java:58)
at io.appium.java_client.AppiumDriver.findElement(AppiumDriver.java:1)
at io.appium.java_client.ios.IOSDriver.findElement(IOSDriver.java:1)
at com.mobile.ragression.ModProRegressionTests31to36.ModProRegScenario32(ModProRegressionTests31to36.java:214)
at sun.reflect.NativeMethodAccessorImpl.invoke0(Native Method)
at sun.reflect.NativeMethodAccessorImpl.invoke(NativeMethodAccessorImpl.java:62)
at sun.reflect.DelegatingMethodAccessorImpl.invoke(DelegatingMethodAccessorImpl.java:43)
at java.lang.reflect.Method.invoke(Method.java:498)
at org.testng.internal.MethodInvocationHelper.invokeMethod(MethodInvocationHelper.java:124)
at org.testng.internal.Invoker.invokeMethod(Invoker.java:580)
at org.testng.internal.Invoker.invokeTestMethod(Invoker.java:716)
at org.testng.internal.Invoker.invokeTestMethods(Invoker.java:988)
at org.testng.internal.TestMethodWorker.invokeTestMethods(TestMethodWorker.java:125)
at org.testng.internal.TestMethodWorker.run(TestMethodWorker.java:109)
at org.testng.TestRunner.privateRun(TestRunner.java:648)
at org.testng.TestRunner.run(TestRunner.java:505)
at org.testng.SuiteRunner.runTest(SuiteRunner.java:455)
at org.testng.SuiteRunner.runSequentially(SuiteRunner.java:450)
at org.testng.SuiteRunner.privateRun(SuiteRunner.java:415)
at org.testng.SuiteRunner.run(SuiteRunner.java:364)
at org.testng.SuiteRunnerWorker.runSuite(SuiteRunnerWorker.java:52)
at org.testng.SuiteRunnerWorker.run(SuiteRunnerWorker.java:84)
at org.testng.TestNG.runSuitesSequentially(TestNG.java:1208)
at org.testng.TestNG.runSuitesLocally(TestNG.java:1137)
at org.testng.TestNG.runSuites(TestNG.java:1049)
at org.testng.TestNG.run(TestNG.java:1017)
at org.testng.remote.AbstractRemoteTestNG.run(AbstractRemoteTestNG.java:114)
at org.testng.remote.RemoteTestNG.initAndRun(RemoteTestNG.java:251)
at org.testng.remote.RemoteTestNG.main(RemoteTestNG.java:77)
]]>
    </error>
  </testcase> <!-- ModProRegScenario32 -->
  <testcase name="ModProRegScenario33" time="40.634" classname="com.mobile.ragression.ModProRegressionTests31to36">
    <failure type="java.lang.AssertionError" message="Test failed - An element could not be located on the page using the given search parameters.
For documentation on this error, please visit: https://www.seleniumhq.org/exceptions/no_such_element.html
Build info: version: &#039;3.141.59&#039;, revision: &#039;e82be7d358&#039;, time: &#039;2018-11-14T08:17:03&#039;
System info: host: &#039;KPs-MacBook-Air.local&#039;, ip: &#039;fe80:0:0:0:180b:d69a:5eed:5753%en0&#039;, os.name: &#039;Mac OS X&#039;, os.arch: &#039;x86_64&#039;, os.version: &#039;10.14.4&#039;, java.version: &#039;1.8.0_201&#039;
Driver info: io.appium.java_client.ios.IOSDriver
Capabilities {app: /Users/KPatel/desktop/Usefu..., autoGrantPermissions: true, automationName: XCUITest, browserName: , databaseEnabled: false, deviceName: iPad, javascriptEnabled: true, locationContextEnabled: false, networkConnectionEnabled: false, noReset: false, platform: MAC, platformName: iOS, platformVersion: 12.2, takesScreenshot: true, udid: 51374c6ffa892bda089f11d0a63..., webStorageEnabled: false}
Session ID: 46995ff2-91cc-49ca-b64f-bf6027e36474
*** Element info: {Using=xpath, value=//XCUIElementTypeSheet[@name=&quot;SubDivision&quot;]/XCUIElementTypePicker}">
      <![CDATA[java.lang.AssertionError: Test failed - An element could not be located on the page using the given search parameters.
For documentation on this error, please visit: https://www.seleniumhq.org/exceptions/no_such_element.html
Build info: version: '3.141.59', revision: 'e82be7d358', time: '2018-11-14T08:17:03'
System info: host: 'KPs-MacBook-Air.local', ip: 'fe80:0:0:0:180b:d69a:5eed:5753%en0', os.name: 'Mac OS X', os.arch: 'x86_64', os.version: '10.14.4', java.version: '1.8.0_201'
Driver info: io.appium.java_client.ios.IOSDriver
Capabilities {app: /Users/KPatel/desktop/Usefu..., autoGrantPermissions: true, automationName: XCUITest, browserName: , databaseEnabled: false, deviceName: iPad, javascriptEnabled: true, locationContextEnabled: false, networkConnectionEnabled: false, noReset: false, platform: MAC, platformName: iOS, platformVersion: 12.2, takesScreenshot: true, udid: 51374c6ffa892bda089f11d0a63..., webStorageEnabled: false}
Session ID: 46995ff2-91cc-49ca-b64f-bf6027e36474
*** Element info: {Using=xpath, value=//XCUIElementTypeSheet[@name="SubDivision"]/XCUIElementTypePicker}
at org.testng.Assert.fail(Assert.java:96)
at com.mobile.datamanage.config.BaseTest.reportFailure(BaseTest.java:349)
at com.mobile.datamanage.config.BaseTest.IgetElement(BaseTest.java:275)
at com.mobile.datamanage.config.BaseTest.IElementDisplayed(BaseTest.java:159)
at com.mobile.ragression.ModProRegressionTests31to36.ModProRegScenario33(ModProRegressionTests31to36.java:258)
at sun.reflect.NativeMethodAccessorImpl.invoke0(Native Method)
at sun.reflect.NativeMethodAccessorImpl.invoke(NativeMethodAccessorImpl.java:62)
at sun.reflect.DelegatingMethodAccessorImpl.invoke(DelegatingMethodAccessorImpl.java:43)
at java.lang.reflect.Method.invoke(Method.java:498)
at org.testng.internal.MethodInvocationHelper.invokeMethod(MethodInvocationHelper.java:124)
at org.testng.internal.Invoker.invokeMethod(Invoker.java:580)
at org.testng.internal.Invoker.invokeTestMethod(Invoker.java:716)
at org.testng.internal.Invoker.invokeTestMethods(Invoker.java:988)
at org.testng.internal.TestMethodWorker.invokeTestMethods(TestMethodWorker.java:125)
at org.testng.internal.TestMethodWorker.run(TestMethodWorker.java:109)
at org.testng.TestRunner.privateRun(TestRunner.java:648)
at org.testng.TestRunner.run(TestRunner.java:505)
at org.testng.SuiteRunner.runTest(SuiteRunner.java:455)
at org.testng.SuiteRunner.runSequentially(SuiteRunner.java:450)
at org.testng.SuiteRunner.privateRun(SuiteRunner.java:415)
at org.testng.SuiteRunner.run(SuiteRunner.java:364)
at org.testng.SuiteRunnerWorker.runSuite(SuiteRunnerWorker.java:52)
at org.testng.SuiteRunnerWorker.run(SuiteRunnerWorker.java:84)
at org.testng.TestNG.runSuitesSequentially(TestNG.java:1208)
at org.testng.TestNG.runSuitesLocally(TestNG.java:1137)
at org.testng.TestNG.runSuites(TestNG.java:1049)
at org.testng.TestNG.run(TestNG.java:1017)
at org.testng.remote.AbstractRemoteTestNG.run(AbstractRemoteTestNG.java:114)
at org.testng.remote.RemoteTestNG.initAndRun(RemoteTestNG.java:251)
at org.testng.remote.RemoteTestNG.main(RemoteTestNG.java:77)
]]>
    </failure>
  </testcase> <!-- ModProRegScenario33 -->
  <testcase name="ModProRegScenario34" time="9.428" classname="com.mobile.ragression.ModProRegressionTests31to36"/>
  <testcase name="ModProRegScenario35" time="2.179" classname="com.mobile.ragression.ModProRegressionTests31to36"/>
  <testcase name="ModProRegScenario36" time="21.452" classname="com.mobile.ragression.ModProRegressionTests31to36"/>
</testsuite> <!-- com.mobile.ragression.ModProRegressionTests31to36 -->
