<?xml version="1.0" encoding="UTF-8"?>
<!-- Generated by org.testng.reporters.JUnitReportReporter -->
<testsuite skipped="11" hostname="kps-macbook-air.hollandco.com" name="com.mobile.datamanage.config.HTECSmokeTests" tests="15" failures="1" timestamp="20 Jun 2019 19:28:18 GMT" time="376.151" errors="0">
  <testcase name="OpenApp" time="16.660" classname="com.mobile.datamanage.config.HTECSmokeTests"/>
  <testcase name="newReport" time="41.669" classname="com.mobile.datamanage.config.HTECSmokeTests"/>
  <testcase name="ShiftStart" time="86.303" classname="com.mobile.datamanage.config.HTECSmokeTests"/>
  <testcase name="JobInfo" time="231.518" classname="com.mobile.datamanage.config.HTECSmokeTests">
    <failure type="java.lang.AssertionError" message="Test failed - An element could not be located on the page using the given search parameters.
For documentation on this error, please visit: https://www.seleniumhq.org/exceptions/no_such_element.html
Build info: version: &#039;3.141.59&#039;, revision: &#039;e82be7d358&#039;, time: &#039;2018-11-14T08:17:03&#039;
System info: host: &#039;kps-macbook-air.hollandco.com&#039;, ip: &#039;fe80:0:0:0:c7e:388d:a6f:2c7d%en0&#039;, os.name: &#039;Mac OS X&#039;, os.arch: &#039;x86_64&#039;, os.version: &#039;10.14.4&#039;, java.version: &#039;1.8.0_201&#039;
Driver info: io.appium.java_client.ios.IOSDriver
Capabilities {app: /Users/KPatel/desktop/Usefu..., autoGrantPermissions: true, automationName: XCUITest, browserName: , databaseEnabled: false, deviceName: iPad, javascriptEnabled: true, locationContextEnabled: false, networkConnectionEnabled: false, noReset: false, platform: MAC, platformName: iOS, platformVersion: 12.2, takesScreenshot: true, udid: 51374c6ffa892bda089f11d0a63..., webStorageEnabled: false}
Session ID: 1db77cf8-894a-4f22-bc9d-e53b4f8aa948
*** Element info: {Using=xpath, value=//XCUIElementTypeButton[@name=&quot;Done&quot;]}">
      <![CDATA[java.lang.AssertionError: Test failed - An element could not be located on the page using the given search parameters.
For documentation on this error, please visit: https://www.seleniumhq.org/exceptions/no_such_element.html
Build info: version: '3.141.59', revision: 'e82be7d358', time: '2018-11-14T08:17:03'
System info: host: 'kps-macbook-air.hollandco.com', ip: 'fe80:0:0:0:c7e:388d:a6f:2c7d%en0', os.name: 'Mac OS X', os.arch: 'x86_64', os.version: '10.14.4', java.version: '1.8.0_201'
Driver info: io.appium.java_client.ios.IOSDriver
Capabilities {app: /Users/KPatel/desktop/Usefu..., autoGrantPermissions: true, automationName: XCUITest, browserName: , databaseEnabled: false, deviceName: iPad, javascriptEnabled: true, locationContextEnabled: false, networkConnectionEnabled: false, noReset: false, platform: MAC, platformName: iOS, platformVersion: 12.2, takesScreenshot: true, udid: 51374c6ffa892bda089f11d0a63..., webStorageEnabled: false}
Session ID: 1db77cf8-894a-4f22-bc9d-e53b4f8aa948
*** Element info: {Using=xpath, value=//XCUIElementTypeButton[@name="Done"]}
at org.testng.Assert.fail(Assert.java:96)
at com.mobile.datamanage.config.BaseTest.reportFailure(BaseTest.java:349)
at com.mobile.datamanage.config.BaseTest.IgetElement(BaseTest.java:275)
at com.mobile.datamanage.config.BaseTest.Iclick(BaseTest.java:137)
at com.mobile.datamanage.config.HTECSmokeTests.JobInfo(HTECSmokeTests.java:201)
at sun.reflect.NativeMethodAccessorImpl.invoke0(Native Method)
at sun.reflect.NativeMethodAccessorImpl.invoke(NativeMethodAccessorImpl.java:62)
at sun.reflect.DelegatingMethodAccessorImpl.invoke(DelegatingMethodAccessorImpl.java:43)
at java.lang.reflect.Method.invoke(Method.java:498)
at org.testng.internal.MethodInvocationHelper.invokeMethod(MethodInvocationHelper.java:124)
at org.testng.internal.Invoker.invokeMethod(Invoker.java:580)
at org.testng.internal.Invoker.invokeTestMethod(Invoker.java:716)
at org.testng.internal.Invoker.invokeTestMethods(Invoker.java:988)
at org.testng.internal.TestMethodWorker.invokeTestMethods(TestMethodWorker.java:125)
at org.testng.internal.TestMethodWorker.run(TestMethodWorker.java:109)
at org.testng.TestRunner.privateRun(TestRunner.java:648)
at org.testng.TestRunner.run(TestRunner.java:505)
at org.testng.SuiteRunner.runTest(SuiteRunner.java:455)
at org.testng.SuiteRunner.runSequentially(SuiteRunner.java:450)
at org.testng.SuiteRunner.privateRun(SuiteRunner.java:415)
at org.testng.SuiteRunner.run(SuiteRunner.java:364)
at org.testng.SuiteRunnerWorker.runSuite(SuiteRunnerWorker.java:52)
at org.testng.SuiteRunnerWorker.run(SuiteRunnerWorker.java:84)
at org.testng.TestNG.runSuitesSequentially(TestNG.java:1208)
at org.testng.TestNG.runSuitesLocally(TestNG.java:1137)
at org.testng.TestNG.runSuites(TestNG.java:1049)
at org.testng.TestNG.run(TestNG.java:1017)
at org.testng.remote.AbstractRemoteTestNG.run(AbstractRemoteTestNG.java:114)
at org.testng.remote.RemoteTestNG.initAndRun(RemoteTestNG.java:251)
at org.testng.remote.RemoteTestNG.main(RemoteTestNG.java:77)
]]>
    </failure>
  </testcase> <!-- JobInfo -->
  <testcase name="Activities" time="0.000" classname="com.mobile.datamanage.config.HTECSmokeTests">
    <skipped/>
  </testcase> <!-- Activities -->
  <testcase name="InventoryUsage" time="0.000" classname="com.mobile.datamanage.config.HTECSmokeTests">
    <skipped/>
  </testcase> <!-- InventoryUsage -->
  <testcase name="Equipments" time="0.000" classname="com.mobile.datamanage.config.HTECSmokeTests">
    <skipped/>
  </testcase> <!-- Equipments -->
  <testcase name="MaterialUsage" time="0.000" classname="com.mobile.datamanage.config.HTECSmokeTests">
    <skipped/>
  </testcase> <!-- MaterialUsage -->
  <testcase name="HyRailBrake" time="0.000" classname="com.mobile.datamanage.config.HTECSmokeTests">
    <skipped/>
  </testcase> <!-- HyRailBrake -->
  <testcase name="EndShift" time="0.000" classname="com.mobile.datamanage.config.HTECSmokeTests">
    <skipped/>
  </testcase> <!-- EndShift -->
  <testcase name="CrewTime" time="0.000" classname="com.mobile.datamanage.config.HTECSmokeTests">
    <skipped/>
  </testcase> <!-- CrewTime -->
  <testcase name="ProductionValues" time="0.001" classname="com.mobile.datamanage.config.HTECSmokeTests">
    <skipped/>
  </testcase> <!-- ProductionValues -->
  <testcase name="DoneActivities" time="0.000" classname="com.mobile.datamanage.config.HTECSmokeTests">
    <skipped/>
  </testcase> <!-- DoneActivities -->
  <testcase name="ReviewFullReport" time="0.000" classname="com.mobile.datamanage.config.HTECSmokeTests">
    <skipped/>
  </testcase> <!-- ReviewFullReport -->
  <testcase name="Signature" time="0.000" classname="com.mobile.datamanage.config.HTECSmokeTests">
    <skipped/>
  </testcase> <!-- Signature -->
</testsuite> <!-- com.mobile.datamanage.config.HTECSmokeTests -->
