<?xml version="1.0" encoding="UTF-8"?>
<!-- Generated by org.testng.reporters.JUnitReportReporter -->
<testsuite skipped="0" hostname="KPs-MacBook-Air.local" name="com.mobile.ragression.ModProSmokeTests" tests="19" failures="2" timestamp="05 Jun 2019 18:29:54 GMT" time="761.970" errors="0">
  <testcase name="OpenApp" time="206.091" classname="com.mobile.ragression.ModProSmokeTests"/>
  <testcase name="ModProRegScenario1" time="79.394" classname="com.mobile.ragression.ModProSmokeTests"/>
  <testcase name="ModProRegScenario2" time="44.992" classname="com.mobile.ragression.ModProSmokeTests"/>
  <testcase name="ModProRegScenario3" time="29.717" classname="com.mobile.ragression.ModProSmokeTests"/>
  <testcase name="ModProRegScenario4" time="12.536" classname="com.mobile.ragression.ModProSmokeTests"/>
  <testcase name="ModProRegScenario5" time="14.002" classname="com.mobile.ragression.ModProSmokeTests"/>
  <testcase name="ModProRegScenario6" time="23.209" classname="com.mobile.ragression.ModProSmokeTests"/>
  <testcase name="ModProRegScenario7" time="97.055" classname="com.mobile.ragression.ModProSmokeTests"/>
  <testcase name="ModProRegScenario8" time="34.832" classname="com.mobile.ragression.ModProSmokeTests"/>
  <testcase name="ModProRegScenario9" time="20.880" classname="com.mobile.ragression.ModProSmokeTests"/>
  <testcase name="ModProRegScenario10" time="20.956" classname="com.mobile.ragression.ModProSmokeTests"/>
  <testcase name="ModProRegScenario11" time="21.165" classname="com.mobile.ragression.ModProSmokeTests"/>
  <testcase name="ModProRegScenario12" time="20.882" classname="com.mobile.ragression.ModProSmokeTests"/>
  <testcase name="ModProRegScenario13" time="25.015" classname="com.mobile.ragression.ModProSmokeTests">
    <failure type="java.lang.AssertionError" message="Test failed - An element could not be located on the page using the given search parameters.
For documentation on this error, please visit: https://www.seleniumhq.org/exceptions/no_such_element.html
Build info: version: &#039;3.141.59&#039;, revision: &#039;e82be7d358&#039;, time: &#039;2018-11-14T08:17:03&#039;
System info: host: &#039;KPs-MacBook-Air.local&#039;, ip: &#039;fe80:0:0:0:1c3b:6c80:27f3:a72c%en0&#039;, os.name: &#039;Mac OS X&#039;, os.arch: &#039;x86_64&#039;, os.version: &#039;10.14.4&#039;, java.version: &#039;1.8.0_201&#039;
Driver info: io.appium.java_client.ios.IOSDriver
Capabilities {app: /Users/KPatel/desktop/Usefu..., autoGrantPermissions: true, automationName: XCUITest, browserName: , databaseEnabled: false, deviceName: iPad, javascriptEnabled: true, locationContextEnabled: false, networkConnectionEnabled: false, noReset: true, platform: MAC, platformName: iOS, platformVersion: 12.2, takesScreenshot: true, udid: 51374c6ffa892bda089f11d0a63..., webStorageEnabled: false}
Session ID: 396fda23-3f6a-4830-9269-efdd27d518d4
*** Element info: {Using=accessibility id, value=Save}">
      <![CDATA[java.lang.AssertionError: Test failed - An element could not be located on the page using the given search parameters.
For documentation on this error, please visit: https://www.seleniumhq.org/exceptions/no_such_element.html
Build info: version: '3.141.59', revision: 'e82be7d358', time: '2018-11-14T08:17:03'
System info: host: 'KPs-MacBook-Air.local', ip: 'fe80:0:0:0:1c3b:6c80:27f3:a72c%en0', os.name: 'Mac OS X', os.arch: 'x86_64', os.version: '10.14.4', java.version: '1.8.0_201'
Driver info: io.appium.java_client.ios.IOSDriver
Capabilities {app: /Users/KPatel/desktop/Usefu..., autoGrantPermissions: true, automationName: XCUITest, browserName: , databaseEnabled: false, deviceName: iPad, javascriptEnabled: true, locationContextEnabled: false, networkConnectionEnabled: false, noReset: true, platform: MAC, platformName: iOS, platformVersion: 12.2, takesScreenshot: true, udid: 51374c6ffa892bda089f11d0a63..., webStorageEnabled: false}
Session ID: 396fda23-3f6a-4830-9269-efdd27d518d4
*** Element info: {Using=accessibility id, value=Save}
at org.testng.Assert.fail(Assert.java:96)
at com.mobile.datamanage.config.BaseTest.reportFailure(BaseTest.java:349)
at com.mobile.datamanage.config.BaseTest.IclickAccs(BaseTest.java:125)
at com.mobile.ragression.ModProSmokeTests.ModProRegScenario13(ModProSmokeTests.java:455)
at sun.reflect.NativeMethodAccessorImpl.invoke0(Native Method)
at sun.reflect.NativeMethodAccessorImpl.invoke(NativeMethodAccessorImpl.java:62)
at sun.reflect.DelegatingMethodAccessorImpl.invoke(DelegatingMethodAccessorImpl.java:43)
at java.lang.reflect.Method.invoke(Method.java:498)
at org.testng.internal.MethodInvocationHelper.invokeMethod(MethodInvocationHelper.java:124)
at org.testng.internal.Invoker.invokeMethod(Invoker.java:580)
at org.testng.internal.Invoker.invokeTestMethod(Invoker.java:716)
at org.testng.internal.Invoker.invokeTestMethods(Invoker.java:988)
at org.testng.internal.TestMethodWorker.invokeTestMethods(TestMethodWorker.java:125)
at org.testng.internal.TestMethodWorker.run(TestMethodWorker.java:109)
at org.testng.TestRunner.privateRun(TestRunner.java:648)
at org.testng.TestRunner.run(TestRunner.java:505)
at org.testng.SuiteRunner.runTest(SuiteRunner.java:455)
at org.testng.SuiteRunner.runSequentially(SuiteRunner.java:450)
at org.testng.SuiteRunner.privateRun(SuiteRunner.java:415)
at org.testng.SuiteRunner.run(SuiteRunner.java:364)
at org.testng.SuiteRunnerWorker.runSuite(SuiteRunnerWorker.java:52)
at org.testng.SuiteRunnerWorker.run(SuiteRunnerWorker.java:84)
at org.testng.TestNG.runSuitesSequentially(TestNG.java:1208)
at org.testng.TestNG.runSuitesLocally(TestNG.java:1137)
at org.testng.TestNG.runSuites(TestNG.java:1049)
at org.testng.TestNG.run(TestNG.java:1017)
at org.testng.remote.AbstractRemoteTestNG.run(AbstractRemoteTestNG.java:114)
at org.testng.remote.RemoteTestNG.initAndRun(RemoteTestNG.java:251)
at org.testng.remote.RemoteTestNG.main(RemoteTestNG.java:77)
]]>
    </failure>
  </testcase> <!-- ModProRegScenario13 -->
  <testcase name="ModProRegScenario14" time="23.235" classname="com.mobile.ragression.ModProSmokeTests">
    <failure type="java.lang.AssertionError" message="Test failed - An element could not be located on the page using the given search parameters.
For documentation on this error, please visit: https://www.seleniumhq.org/exceptions/no_such_element.html
Build info: version: &#039;3.141.59&#039;, revision: &#039;e82be7d358&#039;, time: &#039;2018-11-14T08:17:03&#039;
System info: host: &#039;KPs-MacBook-Air.local&#039;, ip: &#039;fe80:0:0:0:1c3b:6c80:27f3:a72c%en0&#039;, os.name: &#039;Mac OS X&#039;, os.arch: &#039;x86_64&#039;, os.version: &#039;10.14.4&#039;, java.version: &#039;1.8.0_201&#039;
Driver info: io.appium.java_client.ios.IOSDriver
Capabilities {app: /Users/KPatel/desktop/Usefu..., autoGrantPermissions: true, automationName: XCUITest, browserName: , databaseEnabled: false, deviceName: iPad, javascriptEnabled: true, locationContextEnabled: false, networkConnectionEnabled: false, noReset: true, platform: MAC, platformName: iOS, platformVersion: 12.2, takesScreenshot: true, udid: 51374c6ffa892bda089f11d0a63..., webStorageEnabled: false}
Session ID: 396fda23-3f6a-4830-9269-efdd27d518d4
*** Element info: {Using=xpath, value=//XCUIElementTypeStaticText[@name=&quot;RR Proj. #/Cost Ctr:&quot;]}">
      <![CDATA[java.lang.AssertionError: Test failed - An element could not be located on the page using the given search parameters.
For documentation on this error, please visit: https://www.seleniumhq.org/exceptions/no_such_element.html
Build info: version: '3.141.59', revision: 'e82be7d358', time: '2018-11-14T08:17:03'
System info: host: 'KPs-MacBook-Air.local', ip: 'fe80:0:0:0:1c3b:6c80:27f3:a72c%en0', os.name: 'Mac OS X', os.arch: 'x86_64', os.version: '10.14.4', java.version: '1.8.0_201'
Driver info: io.appium.java_client.ios.IOSDriver
Capabilities {app: /Users/KPatel/desktop/Usefu..., autoGrantPermissions: true, automationName: XCUITest, browserName: , databaseEnabled: false, deviceName: iPad, javascriptEnabled: true, locationContextEnabled: false, networkConnectionEnabled: false, noReset: true, platform: MAC, platformName: iOS, platformVersion: 12.2, takesScreenshot: true, udid: 51374c6ffa892bda089f11d0a63..., webStorageEnabled: false}
Session ID: 396fda23-3f6a-4830-9269-efdd27d518d4
*** Element info: {Using=xpath, value=//XCUIElementTypeStaticText[@name="RR Proj. #/Cost Ctr:"]}
at org.testng.Assert.fail(Assert.java:96)
at com.mobile.datamanage.config.BaseTest.reportFailure(BaseTest.java:349)
at com.mobile.datamanage.config.BaseTest.IgetElement(BaseTest.java:275)
at com.mobile.datamanage.config.BaseTest.IElementDisplayed(BaseTest.java:159)
at com.mobile.ragression.ModProSmokeTests.ModProRegScenario14(ModProSmokeTests.java:524)
at sun.reflect.NativeMethodAccessorImpl.invoke0(Native Method)
at sun.reflect.NativeMethodAccessorImpl.invoke(NativeMethodAccessorImpl.java:62)
at sun.reflect.DelegatingMethodAccessorImpl.invoke(DelegatingMethodAccessorImpl.java:43)
at java.lang.reflect.Method.invoke(Method.java:498)
at org.testng.internal.MethodInvocationHelper.invokeMethod(MethodInvocationHelper.java:124)
at org.testng.internal.Invoker.invokeMethod(Invoker.java:580)
at org.testng.internal.Invoker.invokeTestMethod(Invoker.java:716)
at org.testng.internal.Invoker.invokeTestMethods(Invoker.java:988)
at org.testng.internal.TestMethodWorker.invokeTestMethods(TestMethodWorker.java:125)
at org.testng.internal.TestMethodWorker.run(TestMethodWorker.java:109)
at org.testng.TestRunner.privateRun(TestRunner.java:648)
at org.testng.TestRunner.run(TestRunner.java:505)
at org.testng.SuiteRunner.runTest(SuiteRunner.java:455)
at org.testng.SuiteRunner.runSequentially(SuiteRunner.java:450)
at org.testng.SuiteRunner.privateRun(SuiteRunner.java:415)
at org.testng.SuiteRunner.run(SuiteRunner.java:364)
at org.testng.SuiteRunnerWorker.runSuite(SuiteRunnerWorker.java:52)
at org.testng.SuiteRunnerWorker.run(SuiteRunnerWorker.java:84)
at org.testng.TestNG.runSuitesSequentially(TestNG.java:1208)
at org.testng.TestNG.runSuitesLocally(TestNG.java:1137)
at org.testng.TestNG.runSuites(TestNG.java:1049)
at org.testng.TestNG.run(TestNG.java:1017)
at org.testng.remote.AbstractRemoteTestNG.run(AbstractRemoteTestNG.java:114)
at org.testng.remote.RemoteTestNG.initAndRun(RemoteTestNG.java:251)
at org.testng.remote.RemoteTestNG.main(RemoteTestNG.java:77)
]]>
    </failure>
  </testcase> <!-- ModProRegScenario14 -->
  <testcase name="ModProRegScenario15" time="20.348" classname="com.mobile.ragression.ModProSmokeTests"/>
  <testcase name="ModProRegScenario17" time="21.976" classname="com.mobile.ragression.ModProSmokeTests"/>
  <testcase name="ModProRegScenario16" time="24.211" classname="com.mobile.ragression.ModProSmokeTests"/>
  <testcase name="ModProRegScenario18" time="21.474" classname="com.mobile.ragression.ModProSmokeTests"/>
</testsuite> <!-- com.mobile.ragression.ModProSmokeTests -->
