<?xml version="1.0" encoding="UTF-8"?>
<!-- Generated by org.testng.reporters.JUnitReportReporter -->
<testsuite skipped="10" hostname="KPs-MacBook-Air" name="com.mobile.datamanage.config.ModProSmokeTests" tests="14" failures="0" timestamp="22 Apr 2019 19:47:21 GMT" time="265.160" errors="1">
  <testcase name="OpenApp" time="28.535" classname="com.mobile.datamanage.config.ModProSmokeTests"/>
  <testcase name="newReport" time="51.319" classname="com.mobile.datamanage.config.ModProSmokeTests"/>
  <testcase name="ShiftStart" time="129.695" classname="com.mobile.datamanage.config.ModProSmokeTests"/>
  <testcase name="JobInfo" time="55.611" classname="com.mobile.datamanage.config.ModProSmokeTests">
    <error type="org.openqa.selenium.NoSuchElementException" message="An element could not be located on the page using the given search parameters.
For documentation on this error, please visit: https://www.seleniumhq.org/exceptions/no_such_element.html
Build info: version: &#039;3.141.59&#039;, revision: &#039;e82be7d358&#039;, time: &#039;2018-11-14T08:17:03&#039;
System info: host: &#039;KPs-MacBook-Air&#039;, ip: &#039;2607:fb90:5493:5066:6848:ba5a:a1b1:2c04%en0&#039;, os.name: &#039;Mac OS X&#039;, os.arch: &#039;x86_64&#039;, os.version: &#039;10.14.4&#039;, java.version: &#039;1.8.0_201&#039;
Driver info: io.appium.java_client.ios.IOSDriver
Capabilities {app: /Users/KPatel/desktop/Usefu..., autoGrantPermissions: true, browserName: , databaseEnabled: false, deviceName: iPad, javascriptEnabled: true, locationContextEnabled: false, networkConnectionEnabled: false, noReset: true, platform: MAC, platformName: iOS, platformVersion: 12.0, takesScreenshot: true, udid: 51374c6ffa892bda089f11d0a63..., webStorageEnabled: false}
Session ID: 151b7f75-f526-4392-b18b-1643bc92b2e8">
      <![CDATA[org.openqa.selenium.NoSuchElementException: An element could not be located on the page using the given search parameters.
For documentation on this error, please visit: https://www.seleniumhq.org/exceptions/no_such_element.html
Build info: version: '3.141.59', revision: 'e82be7d358', time: '2018-11-14T08:17:03'
System info: host: 'KPs-MacBook-Air', ip: '2607:fb90:5493:5066:6848:ba5a:a1b1:2c04%en0', os.name: 'Mac OS X', os.arch: 'x86_64', os.version: '10.14.4', java.version: '1.8.0_201'
Driver info: io.appium.java_client.ios.IOSDriver
Capabilities {app: /Users/KPatel/desktop/Usefu..., autoGrantPermissions: true, browserName: , databaseEnabled: false, deviceName: iPad, javascriptEnabled: true, locationContextEnabled: false, networkConnectionEnabled: false, noReset: true, platform: MAC, platformName: iOS, platformVersion: 12.0, takesScreenshot: true, udid: 51374c6ffa892bda089f11d0a63..., webStorageEnabled: false}
Session ID: 151b7f75-f526-4392-b18b-1643bc92b2e8
at sun.reflect.NativeConstructorAccessorImpl.newInstance0(Native Method)
at sun.reflect.NativeConstructorAccessorImpl.newInstance(NativeConstructorAccessorImpl.java:62)
at sun.reflect.DelegatingConstructorAccessorImpl.newInstance(DelegatingConstructorAccessorImpl.java:45)
at java.lang.reflect.Constructor.newInstance(Constructor.java:423)
at org.openqa.selenium.remote.http.W3CHttpResponseCodec.createException(W3CHttpResponseCodec.java:187)
at org.openqa.selenium.remote.http.W3CHttpResponseCodec.decode(W3CHttpResponseCodec.java:122)
at org.openqa.selenium.remote.http.W3CHttpResponseCodec.decode(W3CHttpResponseCodec.java:49)
at org.openqa.selenium.remote.HttpCommandExecutor.execute(HttpCommandExecutor.java:158)
at io.appium.java_client.remote.AppiumCommandExecutor.execute(AppiumCommandExecutor.java:231)
at org.openqa.selenium.remote.RemoteWebDriver.execute(RemoteWebDriver.java:552)
at io.appium.java_client.DefaultGenericMobileDriver.execute(DefaultGenericMobileDriver.java:42)
at io.appium.java_client.AppiumDriver.execute(AppiumDriver.java:1)
at io.appium.java_client.ios.IOSDriver.execute(IOSDriver.java:1)
at org.openqa.selenium.remote.RemoteWebElement.execute(RemoteWebElement.java:285)
at io.appium.java_client.DefaultGenericMobileElement.execute(DefaultGenericMobileElement.java:45)
at io.appium.java_client.MobileElement.execute(MobileElement.java:1)
at io.appium.java_client.ios.IOSElement.execute(IOSElement.java:1)
at org.openqa.selenium.remote.RemoteWebElement.sendKeys(RemoteWebElement.java:106)
at com.mobile.datamanage.config.BaseTest.Itype(BaseTest.java:144)
at com.mobile.datamanage.config.ModProSmokeTests.JobInfo(ModProSmokeTests.java:164)
at sun.reflect.NativeMethodAccessorImpl.invoke0(Native Method)
at sun.reflect.NativeMethodAccessorImpl.invoke(NativeMethodAccessorImpl.java:62)
at sun.reflect.DelegatingMethodAccessorImpl.invoke(DelegatingMethodAccessorImpl.java:43)
at java.lang.reflect.Method.invoke(Method.java:498)
at org.testng.internal.MethodInvocationHelper.invokeMethod(MethodInvocationHelper.java:124)
at org.testng.internal.Invoker.invokeMethod(Invoker.java:580)
at org.testng.internal.Invoker.invokeTestMethod(Invoker.java:716)
at org.testng.internal.Invoker.invokeTestMethods(Invoker.java:988)
at org.testng.internal.TestMethodWorker.invokeTestMethods(TestMethodWorker.java:125)
at org.testng.internal.TestMethodWorker.run(TestMethodWorker.java:109)
at org.testng.TestRunner.privateRun(TestRunner.java:648)
at org.testng.TestRunner.run(TestRunner.java:505)
at org.testng.SuiteRunner.runTest(SuiteRunner.java:455)
at org.testng.SuiteRunner.runSequentially(SuiteRunner.java:450)
at org.testng.SuiteRunner.privateRun(SuiteRunner.java:415)
at org.testng.SuiteRunner.run(SuiteRunner.java:364)
at org.testng.SuiteRunnerWorker.runSuite(SuiteRunnerWorker.java:52)
at org.testng.SuiteRunnerWorker.run(SuiteRunnerWorker.java:84)
at org.testng.TestNG.runSuitesSequentially(TestNG.java:1208)
at org.testng.TestNG.runSuitesLocally(TestNG.java:1137)
at org.testng.TestNG.runSuites(TestNG.java:1049)
at org.testng.TestNG.run(TestNG.java:1017)
at org.testng.remote.AbstractRemoteTestNG.run(AbstractRemoteTestNG.java:114)
at org.testng.remote.RemoteTestNG.initAndRun(RemoteTestNG.java:251)
at org.testng.remote.RemoteTestNG.main(RemoteTestNG.java:77)
]]>
    </error>
  </testcase> <!-- JobInfo -->
  <testcase name="Welds_Activities" time="0.000" classname="com.mobile.datamanage.config.ModProSmokeTests">
    <skipped/>
  </testcase> <!-- Welds_Activities -->
  <testcase name="MissedWelds" time="0.000" classname="com.mobile.datamanage.config.ModProSmokeTests">
    <skipped/>
  </testcase> <!-- MissedWelds -->
  <testcase name="Inventory" time="0.000" classname="com.mobile.datamanage.config.ModProSmokeTests">
    <skipped/>
  </testcase> <!-- Inventory -->
  <testcase name="HyRailBrake" time="0.000" classname="com.mobile.datamanage.config.ModProSmokeTests">
    <skipped/>
  </testcase> <!-- HyRailBrake -->
  <testcase name="EndShift" time="0.000" classname="com.mobile.datamanage.config.ModProSmokeTests">
    <skipped/>
  </testcase> <!-- EndShift -->
  <testcase name="CrewTime" time="0.000" classname="com.mobile.datamanage.config.ModProSmokeTests">
    <skipped/>
  </testcase> <!-- CrewTime -->
  <testcase name="ProductionValue" time="0.000" classname="com.mobile.datamanage.config.ModProSmokeTests">
    <skipped/>
  </testcase> <!-- ProductionValue -->
  <testcase name="CheckingWeldsActivities" time="0.000" classname="com.mobile.datamanage.config.ModProSmokeTests">
    <skipped/>
  </testcase> <!-- CheckingWeldsActivities -->
  <testcase name="ReviewFullReport" time="0.000" classname="com.mobile.datamanage.config.ModProSmokeTests">
    <skipped/>
  </testcase> <!-- ReviewFullReport -->
  <testcase name="Signature" time="0.000" classname="com.mobile.datamanage.config.ModProSmokeTests">
    <skipped/>
  </testcase> <!-- Signature -->
</testsuite> <!-- com.mobile.datamanage.config.ModProSmokeTests -->
