<?xml version="1.0" encoding="UTF-8"?>
<!-- Generated by org.testng.reporters.JUnitReportReporter -->
<testsuite skipped="0" hostname="KPs-MacBook-Air.local" name="com.mobile.ragression.ModProRegressionTests13to18" tests="7" failures="1" timestamp="02 Oct 2019 18:58:07 GMT" time="409.864" errors="0">
  <testcase name="OpenApp" time="221.739" classname="com.mobile.ragression.ModProRegressionTests13to18"/>
  <testcase name="ModProRegScenario13" time="84.418" classname="com.mobile.ragression.ModProRegressionTests13to18"/>
  <testcase name="ModProRegScenario14" time="36.878" classname="com.mobile.ragression.ModProRegressionTests13to18"/>
  <testcase name="ModProRegScenario15" time="1.785" classname="com.mobile.ragression.ModProRegressionTests13to18">
    <failure type="java.lang.AssertionError" message="Region_aid - Element should not present">
      <![CDATA[java.lang.AssertionError: Region_aid - Element should not present
at org.testng.Assert.fail(Assert.java:96)
at com.mobile.datamanage.config.BaseTest.reportFailure(BaseTest.java:389)
at com.mobile.datamanage.config.BaseTest.verifyElementAbsent(BaseTest.java:338)
at com.mobile.ragression.ModProRegressionTests13to18.ModProRegScenario15(ModProRegressionTests13to18.java:226)
at sun.reflect.NativeMethodAccessorImpl.invoke0(Native Method)
at sun.reflect.NativeMethodAccessorImpl.invoke(NativeMethodAccessorImpl.java:62)
at sun.reflect.DelegatingMethodAccessorImpl.invoke(DelegatingMethodAccessorImpl.java:43)
at java.lang.reflect.Method.invoke(Method.java:498)
at org.testng.internal.MethodInvocationHelper.invokeMethod(MethodInvocationHelper.java:124)
at org.testng.internal.Invoker.invokeMethod(Invoker.java:580)
at org.testng.internal.Invoker.invokeTestMethod(Invoker.java:716)
at org.testng.internal.Invoker.invokeTestMethods(Invoker.java:988)
at org.testng.internal.TestMethodWorker.invokeTestMethods(TestMethodWorker.java:125)
at org.testng.internal.TestMethodWorker.run(TestMethodWorker.java:109)
at org.testng.TestRunner.privateRun(TestRunner.java:648)
at org.testng.TestRunner.run(TestRunner.java:505)
at org.testng.SuiteRunner.runTest(SuiteRunner.java:455)
at org.testng.SuiteRunner.runSequentially(SuiteRunner.java:450)
at org.testng.SuiteRunner.privateRun(SuiteRunner.java:415)
at org.testng.SuiteRunner.run(SuiteRunner.java:364)
at org.testng.SuiteRunnerWorker.runSuite(SuiteRunnerWorker.java:52)
at org.testng.SuiteRunnerWorker.run(SuiteRunnerWorker.java:84)
at org.testng.TestNG.runSuitesSequentially(TestNG.java:1208)
at org.testng.TestNG.runSuitesLocally(TestNG.java:1137)
at org.testng.TestNG.runSuites(TestNG.java:1049)
at org.testng.TestNG.run(TestNG.java:1017)
at org.testng.remote.AbstractRemoteTestNG.run(AbstractRemoteTestNG.java:114)
at org.testng.remote.RemoteTestNG.initAndRun(RemoteTestNG.java:251)
at org.testng.remote.RemoteTestNG.main(RemoteTestNG.java:77)
]]>
    </failure>
  </testcase> <!-- ModProRegScenario15 -->
  <testcase name="ModProRegScenario16" time="21.614" classname="com.mobile.ragression.ModProRegressionTests13to18"/>
  <testcase name="ModProRegScenario17" time="21.521" classname="com.mobile.ragression.ModProRegressionTests13to18"/>
  <testcase name="ModProRegScenario18" time="21.909" classname="com.mobile.ragression.ModProRegressionTests13to18"/>
</testsuite> <!-- com.mobile.ragression.ModProRegressionTests13to18 -->
